TN:
SF:/Volumes/Data/Projects/VCCorp/Prebid.js/src/adapters/aardvark.js
FN:22,requestBids
FN:52,registerBidResponse
FN:72,registerAardvarkCallback
FN:73,(anonymous_4)
FN:75,(anonymous_5)
FN:91,AardvarkAdapter
FN:96,(anonymous_7)
FN:116,(anonymous_8)
FNF:8
FNH:7
FNDA:15,requestBids
FNDA:16,registerBidResponse
FNDA:15,registerAardvarkCallback
FNDA:13,(anonymous_4)
FNDA:16,(anonymous_5)
FNDA:23,AardvarkAdapter
FNDA:15,(anonymous_7)
FNDA:0,(anonymous_8)
DA:9,8
DA:10,8
DA:11,8
DA:12,8
DA:13,8
DA:14,8
DA:16,8
DA:23,15
DA:28,15
DA:30,15
DA:31,30
DA:32,30
DA:33,30
DA:34,30
DA:36,30
DA:37,30
DA:39,30
DA:40,30
DA:42,30
DA:45,30
DA:48,15
DA:50,15
DA:53,16
DA:55,16
DA:57,16
DA:58,16
DA:60,16
DA:62,16
DA:63,16
DA:64,16
DA:65,16
DA:66,16
DA:67,16
DA:69,16
DA:70,16
DA:73,15
DA:75,13
DA:76,16
DA:79,13
DA:80,26
DA:81,26
DA:82,26
DA:83,10
DA:84,10
DA:85,10
DA:92,23
DA:94,23
DA:96,23
DA:97,15
DA:100,15
DA:102,15
DA:104,15
DA:106,15
DA:109,23
DA:116,8
DA:117,0
DA:120,8
LF:57
LH:56
BRDA:28,1,0,15
BRDA:28,1,1,0
BRDA:34,2,0,0
BRDA:34,2,1,30
BRDA:34,3,0,30
BRDA:34,3,1,30
BRDA:34,3,2,30
BRDA:34,3,3,30
BRDA:37,4,0,2
BRDA:37,4,1,28
BRDA:39,5,0,15
BRDA:39,5,1,15
BRDA:40,6,0,30
BRDA:40,6,1,0
BRDA:48,7,0,0
BRDA:48,7,1,15
BRDA:48,8,0,15
BRDA:48,8,1,15
BRDA:53,9,0,0
BRDA:53,9,1,16
BRDA:55,10,0,0
BRDA:55,10,1,16
BRDA:58,11,0,0
BRDA:58,11,1,16
BRDA:60,12,0,0
BRDA:60,12,1,16
BRDA:80,13,0,26
BRDA:80,13,1,0
BRDA:82,14,0,10
BRDA:82,14,1,16
BRDA:94,15,0,23
BRDA:94,15,1,1
BRDA:100,16,0,0
BRDA:100,16,1,15
BRDA:106,17,0,15
BRDA:106,17,1,0
BRF:36
BRH:25
end_of_record
TN:
SF:/Volumes/Data/Projects/VCCorp/Prebid.js/src/utils.js
FN:7,(anonymous_1)
FN:7,(anonymous_2)
FN:46,(anonymous_3)
FN:47,(anonymous_4)
FN:60,(anonymous_5)
FN:62,(anonymous_6)
FN:68,_getUniqueIdentifierStr
FN:81,generateUUID
FN:85,(anonymous_9)
FN:93,(anonymous_10)
FN:103,(anonymous_11)
FN:113,(anonymous_12)
FN:117,(anonymous_13)
FN:127,(anonymous_14)
FN:130,(anonymous_15)
FN:146,(anonymous_16)
FN:186,(anonymous_17)
FN:193,(anonymous_18)
FN:204,(anonymous_19)
FN:215,(anonymous_20)
FN:221,(anonymous_21)
FN:233,(anonymous_22)
FN:239,hasConsoleLogger
FN:245,(anonymous_24)
FN:250,debugTurnedOn
FN:261,(anonymous_26)
FN:268,_createInvisibleIframe
FN:290,getParameterByName
FN:307,(anonymous_29)
FN:310,findParam
FN:331,(anonymous_31)
FN:345,(anonymous_32)
FN:349,(anonymous_33)
FN:353,(anonymous_34)
FN:357,(anonymous_35)
FN:361,(anonymous_36)
FN:371,(anonymous_37)
FN:389,(anonymous_38)
FN:399,(anonymous_39)
FN:417,(anonymous_40)
FN:436,(anonymous_41)
FN:452,(anonymous_42)
FN:456,(anonymous_43)
FN:463,hasOwn
FN:475,(anonymous_45)
FN:491,(anonymous_46)
FN:504,(anonymous_47)
FN:525,(anonymous_48)
FN:538,uniques
FN:542,flatten
FN:546,getBidRequest
FN:547,(anonymous_52)
FN:548,(anonymous_53)
FN:551,(anonymous_54)
FN:556,getKeys
FN:560,getValue
FN:564,getBidderCodes
FN:568,(anonymous_58)
FN:569,(anonymous_59)
FN:575,isGptPubadsDefined
FN:581,getHighestCpm
FN:595,shuffle
FN:615,adUnitsFilter
FNF:63
FNH:60
FNDA:1077,(anonymous_1)
FNDA:0,(anonymous_2)
FNDA:10,(anonymous_3)
FNDA:16,(anonymous_4)
FNDA:56,(anonymous_5)
FNDA:586,(anonymous_6)
FNDA:586,_getUniqueIdentifierStr
FNDA:512,generateUUID
FNDA:405,(anonymous_9)
FNDA:460,(anonymous_10)
FNDA:131,(anonymous_11)
FNDA:3,(anonymous_12)
FNDA:66,(anonymous_13)
FNDA:167,(anonymous_14)
FNDA:563,(anonymous_15)
FNDA:196,(anonymous_16)
FNDA:383,(anonymous_17)
FNDA:109,(anonymous_18)
FNDA:62,(anonymous_19)
FNDA:67,(anonymous_20)
FNDA:120,(anonymous_21)
FNDA:902,(anonymous_22)
FNDA:56,hasConsoleLogger
FNDA:56,(anonymous_24)
FNDA:1173,debugTurnedOn
FNDA:84,(anonymous_26)
FNDA:36,_createInvisibleIframe
FNDA:36,getParameterByName
FNDA:441,(anonymous_29)
FNDA:1936,findParam
FNDA:0,(anonymous_31)
FNDA:8633,(anonymous_32)
FNDA:3049,(anonymous_33)
FNDA:1947,(anonymous_34)
FNDA:3624,(anonymous_35)
FNDA:4,(anonymous_36)
FNDA:3193,(anonymous_37)
FNDA:32,(anonymous_38)
FNDA:2612,(anonymous_39)
FNDA:114,(anonymous_40)
FNDA:56,(anonymous_41)
FNDA:397,(anonymous_42)
FNDA:799,(anonymous_43)
FNDA:2,hasOwn
FNDA:39,(anonymous_45)
FNDA:0,(anonymous_46)
FNDA:6,(anonymous_47)
FNDA:8,(anonymous_48)
FNDA:3103,uniques
FNDA:2889,flatten
FNDA:98,getBidRequest
FNDA:739,(anonymous_52)
FNDA:963,(anonymous_53)
FNDA:723,(anonymous_54)
FNDA:2,getKeys
FNDA:72,getValue
FNDA:13,getBidderCodes
FNDA:22,(anonymous_58)
FNDA:128,(anonymous_59)
FNDA:13,isGptPubadsDefined
FNDA:146,getHighestCpm
FNDA:1,shuffle
FNDA:5182,adUnitsFilter
DA:3,56
DA:7,1077
DA:9,56
DA:10,56
DA:11,56
DA:12,56
DA:13,56
DA:14,56
DA:15,56
DA:16,56
DA:17,56
DA:18,56
DA:19,56
DA:21,56
DA:22,56
DA:23,56
DA:25,56
DA:27,56
DA:28,56
DA:29,56
DA:30,56
DA:31,56
DA:32,56
DA:33,56
DA:34,56
DA:46,56
DA:47,10
DA:48,16
DA:50,16
DA:51,16
DA:53,16
DA:56,10
DA:60,56
DA:61,56
DA:62,56
DA:63,586
DA:64,586
DA:68,1
DA:69,586
DA:73,56
DA:81,56
DA:82,512
DA:85,56
DA:86,405
DA:87,163
DA:90,242
DA:93,56
DA:94,460
DA:95,391
DA:98,69
DA:103,56
DA:104,131
DA:105,131
DA:106,860
DA:109,131
DA:113,56
DA:115,3
DA:117,2
DA:118,66
DA:121,1
DA:127,56
DA:128,167
DA:130,167
DA:131,563
DA:132,82
DA:134,481
DA:138,167
DA:146,56
DA:147,196
DA:150,196
DA:152,1
DA:156,1
DA:157,1
DA:158,1
DA:159,2
DA:160,2
DA:164,195
DA:165,194
DA:168,194
DA:170,193
DA:171,2
DA:174,191
DA:175,366
DA:181,196
DA:186,56
DA:188,383
DA:189,377
DA:193,56
DA:194,109
DA:195,109
DA:196,109
DA:198,0
DA:201,109
DA:204,56
DA:205,62
DA:206,62
DA:207,62
DA:209,0
DA:212,62
DA:215,56
DA:216,67
DA:217,0
DA:221,56
DA:222,120
DA:223,0
DA:224,0
DA:225,0
DA:228,0
DA:233,56
DA:234,902
DA:235,0
DA:239,1
DA:240,56
DA:243,56
DA:245,56
DA:246,56
DA:247,56
DA:250,56
DA:251,1173
DA:252,36
DA:253,36
DA:256,1173
DA:259,56
DA:261,56
DA:262,84
DA:263,84
DA:264,0
DA:268,56
DA:269,36
DA:270,36
DA:271,36
DA:272,36
DA:273,36
DA:274,36
DA:275,36
DA:276,36
DA:277,36
DA:278,36
DA:279,36
DA:280,36
DA:281,36
DA:282,36
DA:283,36
DA:290,56
DA:291,36
DA:292,36
DA:293,36
DA:294,36
DA:295,36
DA:298,0
DA:307,56
DA:308,441
DA:310,1
DA:311,1936
DA:312,862
DA:316,441
DA:317,865
DA:319,865
DA:321,865
DA:322,3
DA:323,3
DA:327,438
DA:331,56
DA:332,0
DA:333,0
DA:334,0
DA:335,0
DA:345,56
DA:346,8633
DA:349,56
DA:350,3049
DA:353,56
DA:354,1947
DA:357,56
DA:358,3624
DA:361,56
DA:362,4
DA:371,56
DA:372,3193
DA:373,3175
DA:374,1320
DA:377,1855
DA:378,1846
DA:381,9
DA:389,56
DA:390,32
DA:399,56
DA:400,2612
DA:401,2356
DA:403,1471
DA:404,1471
DA:406,1471
DA:407,0
DA:408,0
DA:411,1471
DA:412,3843
DA:417,56
DA:418,114
DA:419,10
DA:422,104
DA:423,104
DA:426,0
DA:427,0
DA:428,0
DA:429,0
DA:433,0
DA:436,56
DA:437,56
DA:438,56
DA:452,56
DA:453,397
DA:454,396
DA:455,372
DA:456,372
DA:457,799
DA:460,372
DA:463,56
DA:464,2
DA:465,2
DA:467,0
DA:475,56
DA:476,39
DA:477,16
DA:480,23
DA:481,23
DA:482,23
DA:483,23
DA:491,56
DA:492,0
DA:493,0
DA:496,0
DA:504,56
DA:505,6
DA:506,0
DA:509,6
DA:510,6
DA:511,6
DA:512,6
DA:513,0
DA:514,0
DA:516,0
DA:519,0
DA:522,6
DA:525,56
DA:526,8
DA:527,0
DA:529,8
DA:530,4
DA:532,4
DA:533,3
DA:535,1
DA:538,1
DA:539,3103
DA:542,1
DA:543,2889
DA:546,1
DA:547,98
DA:548,739
DA:549,963
DA:552,723
DA:556,1
DA:557,2
DA:560,1
DA:561,72
DA:564,1
DA:565,13
DA:568,13
DA:569,22
DA:570,128
DA:575,1
DA:576,13
DA:577,12
DA:581,1
DA:582,146
DA:583,1
DA:586,145
DA:595,1
DA:596,1
DA:599,1
DA:601,16
DA:604,16
DA:607,16
DA:608,16
DA:609,16
DA:612,1
DA:615,1
DA:616,5182
LF:287
LH:256
BRDA:7,1,0,56
BRDA:7,1,1,0
BRDA:7,2,0,56
BRDA:7,2,1,56
BRDA:7,3,0,0
BRDA:7,3,1,0
BRDA:7,4,0,0
BRDA:7,4,1,0
BRDA:7,4,2,0
BRDA:7,4,3,0
BRDA:48,5,0,0
BRDA:48,5,1,16
BRDA:82,6,0,496
BRDA:82,6,1,16
BRDA:86,7,0,163
BRDA:86,7,1,242
BRDA:86,8,0,405
BRDA:86,8,1,405
BRDA:94,9,0,391
BRDA:94,9,1,69
BRDA:106,10,0,860
BRDA:106,10,1,0
BRDA:115,11,0,2
BRDA:115,11,1,1
BRDA:115,12,0,3
BRDA:115,12,1,3
BRDA:128,13,0,167
BRDA:128,13,1,28
BRDA:131,14,0,82
BRDA:131,14,1,481
BRDA:150,15,0,1
BRDA:150,15,1,195
BRDA:150,16,0,1
BRDA:150,16,1,195
BRDA:157,17,0,1
BRDA:157,17,1,0
BRDA:159,18,0,2
BRDA:159,18,1,0
BRDA:159,19,0,2
BRDA:159,19,1,2
BRDA:164,20,0,194
BRDA:164,20,1,1
BRDA:164,21,0,1
BRDA:164,21,1,194
BRDA:168,22,0,193
BRDA:168,22,1,1
BRDA:170,23,0,2
BRDA:170,23,1,191
BRDA:170,24,0,193
BRDA:170,24,1,123
BRDA:170,24,2,2
BRDA:188,25,0,377
BRDA:188,25,1,6
BRDA:188,26,0,383
BRDA:188,26,1,380
BRDA:188,26,2,379
BRDA:188,26,3,377
BRDA:216,27,0,0
BRDA:216,27,1,67
BRDA:216,28,0,67
BRDA:216,28,1,0
BRDA:222,29,0,0
BRDA:222,29,1,120
BRDA:222,30,0,120
BRDA:222,30,1,0
BRDA:223,31,0,0
BRDA:223,31,1,0
BRDA:224,32,0,0
BRDA:224,32,1,0
BRDA:224,33,0,0
BRDA:224,33,1,0
BRDA:228,34,0,0
BRDA:228,34,1,0
BRDA:234,35,0,0
BRDA:234,35,1,902
BRDA:234,36,0,902
BRDA:234,36,1,0
BRDA:240,37,0,56
BRDA:240,37,1,56
BRDA:246,38,0,0
BRDA:246,38,1,56
BRDA:247,39,0,56
BRDA:247,39,1,0
BRDA:251,40,0,36
BRDA:251,40,1,1137
BRDA:251,41,0,1173
BRDA:251,41,1,1173
BRDA:262,42,0,84
BRDA:262,42,1,54
BRDA:263,43,0,0
BRDA:263,43,1,84
BRDA:263,44,0,84
BRDA:263,44,1,0
BRDA:264,45,0,0
BRDA:264,45,1,0
BRDA:294,46,0,36
BRDA:294,46,1,0
BRDA:311,47,0,862
BRDA:311,47,1,1074
BRDA:321,48,0,3
BRDA:321,48,1,862
BRDA:332,49,0,0
BRDA:332,49,1,0
BRDA:334,50,0,0
BRDA:334,50,1,0
BRDA:372,51,0,18
BRDA:372,51,1,3175
BRDA:373,52,0,1320
BRDA:373,52,1,1855
BRDA:373,53,0,3175
BRDA:373,53,1,1889
BRDA:378,54,0,1846
BRDA:378,54,1,0
BRDA:390,55,0,32
BRDA:390,55,1,5
BRDA:390,55,2,3
BRDA:400,56,0,256
BRDA:400,56,1,2356
BRDA:401,57,0,885
BRDA:401,57,1,1471
BRDA:406,58,0,0
BRDA:406,58,1,1471
BRDA:412,59,0,3843
BRDA:412,59,1,0
BRDA:418,60,0,10
BRDA:418,60,1,104
BRDA:422,61,0,104
BRDA:422,61,1,0
BRDA:428,62,0,0
BRDA:428,62,1,0
BRDA:437,63,0,56
BRDA:437,63,1,0
BRDA:453,64,0,1
BRDA:453,64,1,396
BRDA:454,65,0,24
BRDA:454,65,1,372
BRDA:464,66,0,2
BRDA:464,66,1,0
BRDA:467,67,0,0
BRDA:467,67,1,0
BRDA:476,68,0,16
BRDA:476,68,1,23
BRDA:492,69,0,0
BRDA:492,69,1,0
BRDA:505,70,0,0
BRDA:505,70,1,6
BRDA:511,71,0,6
BRDA:511,71,1,0
BRDA:513,72,0,0
BRDA:513,72,1,0
BRDA:526,73,0,0
BRDA:526,73,1,8
BRDA:526,74,0,8
BRDA:526,74,1,8
BRDA:529,75,0,4
BRDA:529,75,1,4
BRDA:532,76,0,3
BRDA:532,76,1,1
BRDA:565,77,0,13
BRDA:565,77,1,0
BRDA:565,78,0,13
BRDA:565,78,1,13
BRDA:576,79,0,12
BRDA:576,79,1,1
BRDA:576,80,0,13
BRDA:576,80,1,13
BRDA:576,80,2,12
BRDA:582,81,0,1
BRDA:582,81,1,145
BRDA:583,82,0,1
BRDA:583,82,1,0
BRDA:586,83,0,54
BRDA:586,83,1,91
BRDA:616,84,0,5182
BRDA:616,84,1,5182
BRDA:616,84,2,1935
BRDA:616,84,3,1935
BRF:177
BRH:122
end_of_record
TN:
SF:/Volumes/Data/Projects/VCCorp/Prebid.js/src/bidfactory.js
FN:19,Bid
FN:29,_getStatus
FN:42,(anonymous_3)
FN:47,(anonymous_4)
FN:53,(anonymous_5)
FNF:5
FNH:5
FNDA:461,Bid
FNDA:461,_getStatus
FNDA:109,(anonymous_3)
FNDA:23,(anonymous_4)
FNDA:461,(anonymous_5)
DA:3,50
DA:19,1
DA:20,461
DA:21,461
DA:23,461
DA:24,461
DA:25,461
DA:26,461
DA:27,461
DA:29,1
DA:30,461
DA:32,2
DA:34,243
DA:36,216
DA:38,0
DA:42,461
DA:43,109
DA:47,461
DA:48,23
DA:53,50
DA:54,461
LF:21
LH:20
BRDA:20,1,0,461
BRDA:20,1,1,237
BRDA:20,1,2,233
BRDA:21,2,0,461
BRDA:21,2,1,2
BRDA:30,3,0,2
BRDA:30,3,1,243
BRDA:30,3,2,216
BRDA:30,3,3,0
BRF:9
BRH:8
end_of_record
TN:
SF:/Volumes/Data/Projects/VCCorp/Prebid.js/src/bidmanager.js
FN:3,(anonymous_1)
FN:3,(anonymous_2)
FN:5,(anonymous_3)
FN:23,(anonymous_4)
FN:31,(anonymous_5)
FN:32,(anonymous_6)
FN:37,timestamp
FN:41,getBidderCode
FN:45,getBidders
FN:49,bidsBackAdUnit
FN:52,(anonymous_11)
FN:53,(anonymous_12)
FN:56,(anonymous_13)
FN:60,(anonymous_14)
FN:66,add
FN:70,bidsBackAll
FN:71,(anonymous_17)
FN:73,(anonymous_18)
FN:75,(anonymous_19)
FN:84,(anonymous_20)
FN:88,getBidderRequest
FN:89,(anonymous_22)
FN:90,(anonymous_23)
FN:99,(anonymous_24)
FN:161,getKeyValueTargetingPairs
FN:189,(anonymous_26)
FN:193,setKeys
FN:197,(anonymous_28)
FN:224,setPriceGranularity
FN:226,(anonymous_30)
FN:236,(anonymous_31)
FN:240,(anonymous_32)
FN:274,(anonymous_33)
FN:278,triggerAdUnitCallbacks
FN:284,processCallbacks
FN:288,(anonymous_36)
FN:303,groupByPlacement
FN:316,(anonymous_38)
FN:321,(anonymous_39)
FN:331,(anonymous_40)
FN:335,adjustBids
FN:353,(anonymous_42)
FN:357,getStandardBidderSettings
FN:363,val
FN:368,val
FN:373,val
FN:390,val
FN:395,val
FN:404,getStandardBidderAdServerTargeting
FNF:49
FNH:46
FNDA:4,(anonymous_1)
FNDA:0,(anonymous_2)
FNDA:0,(anonymous_3)
FNDA:1,(anonymous_4)
FNDA:8,(anonymous_5)
FNDA:107,(anonymous_6)
FNDA:77,timestamp
FNDA:176,getBidderCode
FNDA:2257,getBidders
FNDA:77,bidsBackAdUnit
FNDA:1274,(anonymous_11)
FNDA:762,(anonymous_12)
FNDA:367,(anonymous_13)
FNDA:1571,(anonymous_14)
FNDA:367,add
FNDA:78,bidsBackAll
FNDA:1282,(anonymous_17)
FNDA:771,(anonymous_18)
FNDA:771,(anonymous_19)
FNDA:1,(anonymous_20)
FNDA:77,getBidderRequest
FNDA:897,(anonymous_22)
FNDA:1111,(anonymous_23)
FNDA:103,(anonymous_24)
FNDA:31,getKeyValueTargetingPairs
FNDA:8,(anonymous_26)
FNDA:34,setKeys
FNDA:158,(anonymous_28)
FNDA:2,setPriceGranularity
FNDA:12,(anonymous_30)
FNDA:0,(anonymous_31)
FNDA:39,(anonymous_32)
FNDA:14,(anonymous_33)
FNDA:3,triggerAdUnitCallbacks
FNDA:20,processCallbacks
FNDA:5,(anonymous_36)
FNDA:2,groupByPlacement
FNDA:9,(anonymous_38)
FNDA:1,(anonymous_39)
FNDA:77,(anonymous_40)
FNDA:80,adjustBids
FNDA:3,(anonymous_42)
FNDA:67,getStandardBidderSettings
FNDA:27,val
FNDA:27,val
FNDA:27,val
FNDA:27,val
FNDA:27,val
FNDA:36,getStandardBidderAdServerTargeting
DA:3,50
DA:5,50
DA:7,50
DA:9,50
DA:11,50
DA:12,50
DA:13,50
DA:14,50
DA:16,50
DA:18,50
DA:19,50
DA:20,50
DA:21,50
DA:23,50
DA:24,1
DA:31,50
DA:32,8
DA:33,107
DA:37,1
DA:38,77
DA:41,1
DA:42,176
DA:45,1
DA:46,2257
DA:49,1
DA:50,77
DA:52,77
DA:53,1274
DA:54,762
DA:57,367
DA:60,77
DA:61,1571
DA:63,77
DA:66,1
DA:67,367
DA:70,1
DA:71,78
DA:72,1282
DA:74,771
DA:76,771
DA:79,78
DA:81,78
DA:84,50
DA:85,1
DA:88,1
DA:89,77
DA:90,897
DA:91,1111
DA:99,50
DA:100,103
DA:101,26
DA:102,26
DA:105,77
DA:106,77
DA:110,77
DA:119,77
DA:121,77
DA:122,30
DA:124,30
DA:128,77
DA:131,77
DA:134,77
DA:135,77
DA:136,77
DA:137,77
DA:138,77
DA:139,77
DA:140,77
DA:143,77
DA:144,77
DA:145,23
DA:148,77
DA:149,77
DA:152,77
DA:153,3
DA:156,77
DA:157,2
DA:161,1
DA:162,31
DA:163,31
DA:166,31
DA:168,31
DA:169,31
DA:173,31
DA:174,3
DA:175,3
DA:176,3
DA:180,28
DA:181,0
DA:182,0
DA:183,0
DA:186,31
DA:189,50
DA:190,8
DA:193,1
DA:194,34
DA:195,34
DA:197,34
DA:198,158
DA:199,158
DA:201,158
DA:202,10
DA:205,158
DA:206,156
DA:207,156
DA:209,0
DA:213,158
DA:215,27
DA:217,131
DA:221,34
DA:224,50
DA:225,2
DA:226,2
DA:227,12
DA:229,2
DA:231,0
DA:232,0
DA:236,50
DA:237,0
DA:240,50
DA:242,39
DA:243,1
DA:246,39
DA:247,12
DA:248,12
DA:250,12
DA:251,8
DA:253,8
DA:254,8
DA:260,39
DA:261,5
DA:262,5
DA:263,5
DA:265,1
DA:267,5
DA:268,5
DA:269,5
DA:274,50
DA:275,14
DA:278,1
DA:280,3
DA:281,3
DA:284,1
DA:285,20
DA:287,20
DA:288,20
DA:289,5
DA:290,5
DA:292,5
DA:303,1
DA:304,2
DA:306,2
DA:308,2
DA:316,50
DA:317,9
DA:318,9
DA:321,50
DA:322,1
DA:323,1
DA:324,0
DA:325,1
DA:326,0
DA:331,50
DA:332,77
DA:335,1
DA:336,80
DA:337,80
DA:338,80
DA:339,4
DA:340,4
DA:341,4
DA:343,0
DA:348,80
DA:349,78
DA:353,50
DA:354,3
DA:357,1
DA:358,67
DA:359,67
DA:360,8
DA:364,27
DA:369,27
DA:374,27
DA:375,0
DA:376,27
DA:377,0
DA:378,27
DA:379,0
DA:380,27
DA:381,27
DA:382,0
DA:383,0
DA:384,0
DA:385,0
DA:391,27
DA:396,27
DA:401,67
DA:404,1
DA:405,36
DA:408,50
LF:200
LH:183
BRDA:3,1,0,50
BRDA:3,1,1,0
BRDA:3,2,0,50
BRDA:3,2,1,50
BRDA:3,3,0,0
BRDA:3,3,1,0
BRDA:3,4,0,0
BRDA:3,4,1,0
BRDA:3,4,2,0
BRDA:3,4,3,0
BRDA:5,5,0,50
BRDA:5,5,1,0
BRDA:5,6,0,0
BRDA:5,6,1,0
BRDA:57,7,0,5
BRDA:57,7,1,362
BRDA:74,8,0,5
BRDA:74,8,1,766
BRDA:89,9,0,77
BRDA:89,9,1,46
BRDA:91,10,0,1111
BRDA:91,10,1,38
BRDA:100,11,0,26
BRDA:100,11,1,77
BRDA:105,12,0,77
BRDA:105,12,1,0
BRDA:114,13,0,77
BRDA:114,13,1,54
BRDA:121,14,0,30
BRDA:121,14,1,47
BRDA:144,15,0,23
BRDA:144,15,1,54
BRDA:144,16,0,77
BRDA:144,16,1,76
BRDA:152,17,0,3
BRDA:152,17,1,74
BRDA:152,18,0,77
BRDA:152,18,1,77
BRDA:152,18,2,77
BRDA:156,19,0,2
BRDA:156,19,1,75
BRDA:166,20,0,31
BRDA:166,20,1,0
BRDA:166,21,0,31
BRDA:166,21,1,31
BRDA:173,22,0,3
BRDA:173,22,1,28
BRDA:173,23,0,31
BRDA:173,23,1,31
BRDA:173,23,2,31
BRDA:173,23,3,31
BRDA:173,23,4,5
BRDA:180,24,0,0
BRDA:180,24,1,28
BRDA:201,25,0,10
BRDA:201,25,1,148
BRDA:205,26,0,156
BRDA:205,26,1,2
BRDA:213,27,0,27
BRDA:213,27,1,131
BRDA:213,28,0,158
BRDA:213,28,1,2
BRDA:213,28,2,156
BRDA:213,28,3,29
BRDA:213,28,4,28
BRDA:213,28,5,28
BRDA:226,29,0,2
BRDA:226,29,1,0
BRDA:242,30,0,1
BRDA:242,30,1,38
BRDA:242,31,0,39
BRDA:242,31,1,6
BRDA:246,32,0,12
BRDA:246,32,1,27
BRDA:250,33,0,8
BRDA:250,33,1,4
BRDA:253,34,0,8
BRDA:253,34,1,0
BRDA:260,35,0,5
BRDA:260,35,1,34
BRDA:287,36,0,20
BRDA:287,36,1,0
BRDA:289,37,0,5
BRDA:289,37,1,5
BRDA:304,38,0,2
BRDA:304,38,1,0
BRDA:323,39,0,0
BRDA:323,39,1,1
BRDA:325,40,0,0
BRDA:325,40,1,1
BRDA:338,41,0,4
BRDA:338,41,1,76
BRDA:338,42,0,80
BRDA:338,42,1,79
BRDA:338,42,2,79
BRDA:339,43,0,4
BRDA:339,43,1,0
BRDA:348,44,0,78
BRDA:348,44,1,2
BRDA:359,45,0,8
BRDA:359,45,1,59
BRDA:374,46,0,0
BRDA:374,46,1,27
BRDA:376,47,0,0
BRDA:376,47,1,27
BRDA:378,48,0,0
BRDA:378,48,1,27
BRDA:380,49,0,27
BRDA:380,49,1,0
BRDA:382,50,0,0
BRDA:382,50,1,0
BRDA:384,51,0,0
BRDA:384,51,1,0
BRF:113
BRH:85
end_of_record
TN:
SF:/Volumes/Data/Projects/VCCorp/Prebid.js/src/cpmBucketManager.js
FN:59,getPriceBucketString
FN:76,getCpmStringValue
FN:81,(anonymous_3)
FN:89,(anonymous_4)
FN:103,isValidePriceConfig
FN:108,(anonymous_6)
FN:116,getCpmTarget
FNF:7
FNH:7
FNDA:129,getPriceBucketString
FNDA:774,getCpmStringValue
FNDA:1198,(anonymous_3)
FNDA:857,(anonymous_4)
FNDA:777,isValidePriceConfig
FNDA:1203,(anonymous_6)
FNDA:604,getCpmTarget
DA:3,51
DA:6,51
DA:7,51
DA:14,51
DA:21,51
DA:28,51
DA:43,51
DA:59,1
DA:60,129
DA:61,129
DA:62,129
DA:63,0
DA:66,129
DA:76,1
DA:77,774
DA:78,774
DA:79,93
DA:81,681
DA:82,1198
DA:83,0
DA:85,1198
DA:89,681
DA:90,857
DA:91,109
DA:92,109
DA:93,748
DA:94,604
DA:97,681
DA:98,604
DA:100,681
DA:103,1
DA:104,777
DA:105,93
DA:107,684
DA:108,684
DA:109,1203
DA:110,2
DA:113,684
DA:116,1
DA:117,604
DA:118,603
DA:120,604
DA:121,604
DA:124,51
DA:125,51
LF:45
LH:43
BRDA:62,1,0,0
BRDA:62,1,1,129
BRDA:67,2,0,0
BRDA:67,2,1,129
BRDA:68,3,0,0
BRDA:68,3,1,129
BRDA:69,4,0,0
BRDA:69,4,1,129
BRDA:70,5,0,0
BRDA:70,5,1,129
BRDA:71,6,0,0
BRDA:71,6,1,129
BRDA:72,7,0,0
BRDA:72,7,1,129
BRDA:78,8,0,93
BRDA:78,8,1,681
BRDA:82,9,0,0
BRDA:82,9,1,1198
BRDA:90,10,0,109
BRDA:90,10,1,748
BRDA:91,11,0,109
BRDA:91,11,1,109
BRDA:93,12,0,604
BRDA:93,12,1,144
BRDA:93,13,0,748
BRDA:93,13,1,604
BRDA:97,14,0,604
BRDA:97,14,1,77
BRDA:104,15,0,93
BRDA:104,15,1,684
BRDA:104,16,0,777
BRDA:104,16,1,684
BRDA:104,16,2,684
BRDA:109,17,0,2
BRDA:109,17,1,1201
BRDA:109,18,0,1203
BRDA:109,18,1,1201
BRDA:109,18,2,1201
BRDA:117,19,0,603
BRDA:117,19,1,1
BRF:40
BRH:32
end_of_record
TN:
SF:/Volumes/Data/Projects/VCCorp/Prebid.js/src/events.js
FN:13,(anonymous_1)
FN:22,(anonymous_2)
FN:33,_dispatch
FN:40,(anonymous_4)
FN:67,(anonymous_5)
FN:77,_checkAvailableEvent
FN:81,(anonymous_7)
FN:100,(anonymous_8)
FN:105,(anonymous_9)
FN:117,(anonymous_10)
FN:124,(anonymous_11)
FN:135,(anonymous_12)
FN:143,(anonymous_13)
FN:145,(anonymous_14)
FNF:14
FNH:12
FNDA:477,(anonymous_1)
FNDA:53,(anonymous_2)
FNDA:316,_dispatch
FNDA:316,(anonymous_4)
FNDA:99,(anonymous_5)
FNDA:92,_checkAvailableEvent
FNDA:92,(anonymous_7)
FNDA:316,(anonymous_8)
FNDA:1,(anonymous_9)
FNDA:0,(anonymous_10)
FNDA:1,(anonymous_11)
FNDA:0,(anonymous_12)
FNDA:7,(anonymous_13)
FNDA:16,(anonymous_14)
DA:6,53
DA:7,53
DA:8,53
DA:9,53
DA:13,53
DA:14,477
DA:17,53
DA:20,53
DA:22,53
DA:24,53
DA:25,53
DA:33,1
DA:34,316
DA:36,316
DA:37,316
DA:38,316
DA:39,316
DA:40,316
DA:41,316
DA:44,316
DA:47,316
DA:59,316
DA:60,0
DA:64,316
DA:67,316
DA:68,99
DA:69,99
DA:70,99
DA:72,0
DA:77,1
DA:78,92
DA:81,53
DA:84,92
DA:85,92
DA:87,92
DA:88,0
DA:89,0
DA:91,92
DA:94,92
DA:96,0
DA:100,53
DA:101,316
DA:102,316
DA:105,53
DA:106,1
DA:108,1
DA:109,0
DA:112,1
DA:113,0
DA:116,1
DA:117,0
DA:118,0
DA:119,0
DA:120,0
DA:124,1
DA:125,1
DA:126,1
DA:127,1
DA:132,1
DA:135,53
DA:136,0
DA:143,53
DA:144,7
DA:145,7
DA:146,16
DA:147,16
DA:150,7
DA:153,53
LF:68
LH:56
BRDA:36,1,0,316
BRDA:36,1,1,28
BRDA:39,2,0,316
BRDA:39,2,1,232
BRDA:59,3,0,0
BRDA:59,3,1,316
BRDA:59,4,0,316
BRDA:59,4,1,0
BRDA:68,5,0,0
BRDA:68,5,1,99
BRDA:84,6,0,92
BRDA:84,6,1,0
BRDA:85,7,0,92
BRDA:85,7,1,61
BRDA:87,8,0,0
BRDA:87,8,1,92
BRDA:88,9,0,0
BRDA:88,9,1,0
BRDA:108,10,0,0
BRDA:108,10,1,1
BRDA:108,11,0,1
BRDA:108,11,1,1
BRDA:108,11,2,0
BRDA:112,12,0,0
BRDA:112,12,1,1
BRDA:112,13,0,1
BRDA:112,13,1,0
BRDA:112,13,2,0
BRDA:116,14,0,0
BRDA:116,14,1,1
BRDA:119,15,0,0
BRDA:119,15,1,0
BRDA:126,16,0,1
BRDA:126,16,1,0
BRF:34
BRH:18
end_of_record
TN:
SF:/Volumes/Data/Projects/VCCorp/Prebid.js/src/adloader.js
FN:7,(anonymous_1)
FN:36,(anonymous_2)
FN:55,requestResource
FN:63,(anonymous_4)
FN:70,(anonymous_5)
FN:90,(anonymous_6)
FNF:6
FNH:5
FNDA:108,(anonymous_1)
FNDA:1,(anonymous_2)
FNDA:106,requestResource
FNDA:0,(anonymous_4)
FNDA:14,(anonymous_5)
FNDA:3,(anonymous_6)
DA:3,44
DA:4,44
DA:7,44
DA:11,108
DA:12,2
DA:13,2
DA:16,106
DA:17,1
DA:18,0
DA:19,0
DA:21,0
DA:24,0
DA:28,1
DA:32,1
DA:33,1
DA:36,1
DA:37,1
DA:38,1
DA:39,1
DA:40,1
DA:43,0
DA:51,105
DA:55,1
DA:56,106
DA:57,106
DA:58,106
DA:61,106
DA:62,15
DA:63,0
DA:64,0
DA:65,0
DA:66,0
DA:70,15
DA:71,14
DA:76,106
DA:79,106
DA:80,106
DA:81,106
DA:82,106
DA:83,106
DA:90,44
DA:91,3
DA:92,3
DA:94,3
DA:95,0
DA:96,0
DA:99,3
DA:102,3
DA:103,3
DA:104,3
LF:50
LH:39
BRDA:11,1,0,2
BRDA:11,1,1,106
BRDA:16,2,0,1
BRDA:16,2,1,105
BRDA:17,3,0,0
BRDA:17,3,1,1
BRDA:18,4,0,0
BRDA:18,4,1,0
BRDA:18,5,0,0
BRDA:18,5,1,0
BRDA:19,6,0,0
BRDA:19,6,1,0
BRDA:32,7,0,1
BRDA:32,7,1,0
BRDA:32,8,0,1
BRDA:32,8,1,1
BRDA:61,9,0,15
BRDA:61,9,1,91
BRDA:61,10,0,106
BRDA:61,10,1,15
BRDA:62,11,0,0
BRDA:62,11,1,15
BRDA:64,12,0,0
BRDA:64,12,1,0
BRDA:64,13,0,0
BRDA:64,13,1,0
BRDA:80,14,0,106
BRDA:80,14,1,0
BRDA:81,15,0,106
BRDA:81,15,1,0
BRDA:94,16,0,0
BRDA:94,16,1,3
BRDA:94,17,0,3
BRDA:94,17,1,3
BRDA:99,18,0,2
BRDA:99,18,1,1
BRF:36
BRH:20
end_of_record
TN:
SF:/Volumes/Data/Projects/VCCorp/Prebid.js/src/adapters/adapter.js
FN:3,Adapter
FN:6,setBidderCode
FN:10,getBidderCode
FN:14,callBids
FN:23,(anonymous_5)
FNF:5
FNH:4
FNDA:205,Adapter
FNDA:58,setBidderCode
FNDA:39,getBidderCode
FNDA:0,callBids
FNDA:205,(anonymous_5)
DA:3,1
DA:4,205
DA:6,1
DA:7,58
DA:10,1
DA:11,39
DA:14,1
DA:16,205
DA:23,14
DA:24,205
LF:10
LH:10
BRF:0
BRH:0
end_of_record
TN:
SF:/Volumes/Data/Projects/VCCorp/Prebid.js/src/adapters/adblade.js
FN:14,AdbladeAdapter
FN:21,_callBids
FN:33,(anonymous_3)
FN:38,(anonymous_4)
FN:74,(anonymous_5)
FN:79,(anonymous_6)
FN:86,(anonymous_7)
FN:98,(anonymous_8)
FN:99,(anonymous_9)
FNF:9
FNH:9
FNDA:21,AdbladeAdapter
FNDA:3,_callBids
FNDA:3,(anonymous_3)
FNDA:4,(anonymous_4)
FNDA:4,(anonymous_5)
FNDA:10,(anonymous_6)
FNDA:4,(anonymous_7)
FNDA:6,(anonymous_8)
FNDA:6,(anonymous_9)
DA:3,8
DA:4,8
DA:5,8
DA:6,8
DA:14,8
DA:17,21
DA:18,21
DA:19,21
DA:21,1
DA:22,3
DA:29,3
DA:30,3
DA:33,3
DA:35,3
DA:36,1
DA:38,3
DA:39,4
DA:41,4
DA:61,4
DA:74,3
DA:75,4
DA:79,21
DA:80,10
DA:84,10
DA:86,4
DA:87,4
DA:89,4
DA:90,4
DA:91,4
DA:92,4
DA:95,4
DA:98,6
DA:99,6
DA:100,6
DA:103,6
DA:104,6
DA:105,6
DA:107,6
DA:109,6
DA:110,6
DA:111,6
DA:112,6
DA:113,6
DA:114,6
DA:119,21
DA:124,8
LF:46
LH:46
BRDA:22,1,0,3
BRDA:22,1,1,0
BRDA:29,2,0,3
BRDA:29,2,1,0
BRDA:35,3,0,1
BRDA:35,3,1,2
BRDA:41,4,0,4
BRDA:41,4,1,4
BRDA:63,5,0,4
BRDA:63,5,1,4
BRDA:84,6,0,4
BRDA:84,6,1,6
BRDA:84,7,0,10
BRDA:84,7,1,10
BRDA:84,7,2,6
BRDA:89,8,0,4
BRDA:89,8,1,0
BRF:17
BRH:14
end_of_record
TN:
SF:/Volumes/Data/Projects/VCCorp/Prebid.js/src/adapters/adbutler.js
FN:13,AdButlerAdapter
FN:15,_callBids
FN:45,(anonymous_3)
FN:74,(anonymous_4)
FN:105,buildRequest
FN:126,addTrackingPixels
FN:128,(anonymous_7)
FNF:7
FNH:7
FNDA:16,AdButlerAdapter
FNDA:9,_callBids
FNDA:14,(anonymous_3)
FNDA:11,(anonymous_4)
FNDA:9,buildRequest
FNDA:8,addTrackingPixels
FNDA:6,(anonymous_7)
DA:8,8
DA:9,8
DA:10,8
DA:11,8
DA:13,8
DA:15,1
DA:17,9
DA:23,9
DA:24,9
DA:28,9
DA:29,9
DA:33,9
DA:35,9
DA:36,9
DA:38,9
DA:39,9
DA:41,9
DA:45,9
DA:47,14
DA:58,14
DA:60,12
DA:61,11
DA:62,11
DA:63,11
DA:66,11
DA:67,1
DA:69,11
DA:70,1
DA:74,11
DA:75,11
DA:76,10
DA:80,11
DA:82,8
DA:83,8
DA:84,8
DA:85,8
DA:86,8
DA:87,8
DA:88,8
DA:91,3
DA:92,3
DA:96,1
DA:97,1
DA:100,12
DA:105,1
DA:106,9
DA:107,9
DA:108,9
DA:110,9
DA:111,9
DA:112,9
DA:113,9
DA:114,9
DA:117,9
DA:118,1
DA:120,9
DA:121,9
DA:123,9
DA:126,1
DA:127,8
DA:128,8
DA:130,6
DA:131,6
DA:132,6
DA:134,6
DA:136,8
DA:141,16
DA:146,8
LF:68
LH:68
BRDA:17,1,0,9
BRDA:17,1,1,0
BRDA:28,2,0,9
BRDA:28,2,1,0
BRDA:56,3,0,12
BRDA:56,3,1,2
BRDA:58,4,0,12
BRDA:58,4,1,2
BRDA:60,5,0,11
BRDA:60,5,1,1
BRDA:66,6,0,1
BRDA:66,6,1,10
BRDA:66,7,0,11
BRDA:66,7,1,1
BRDA:69,8,0,1
BRDA:69,8,1,10
BRDA:69,9,0,11
BRDA:69,9,1,1
BRDA:75,10,0,10
BRDA:75,10,1,1
BRDA:75,11,0,11
BRDA:75,11,1,10
BRDA:80,12,0,8
BRDA:80,12,1,3
BRDA:80,13,0,11
BRDA:80,13,1,9
BRDA:117,14,0,1
BRDA:117,14,1,8
BRF:28
BRH:26
end_of_record
TN:
SF:/Volumes/Data/Projects/VCCorp/Prebid.js/src/adapters/adform.js
FN:9,AdformAdapter
FN:15,_callBids
FN:52,formRequestUrl
FN:63,handleCallback
FN:64,handleResponse
FN:91,verifySize
FN:102,encode64
FN:141,utf8_encode
FNF:8
FNH:8
FNDA:16,AdformAdapter
FNDA:15,_callBids
FNDA:33,formRequestUrl
FNDA:15,handleCallback
FNDA:9,handleResponse
FNDA:10,verifySize
FNDA:33,encode64
FNDA:33,utf8_encode
DA:3,8
DA:4,8
DA:5,8
DA:6,8
DA:7,8
DA:9,1
DA:11,16
DA:15,1
DA:16,15
DA:17,15
DA:18,15
DA:19,15
DA:20,15
DA:22,15
DA:23,33
DA:25,33
DA:26,132
DA:27,132
DA:28,132
DA:29,42
DA:30,42
DA:34,33
DA:37,15
DA:39,15
DA:40,45
DA:41,45
DA:42,45
DA:43,33
DA:47,15
DA:49,15
DA:52,1
DA:53,33
DA:54,33
DA:56,33
DA:57,99
DA:60,33
DA:63,1
DA:64,15
DA:65,9
DA:66,9
DA:67,9
DA:68,9
DA:69,9
DA:70,19
DA:71,19
DA:72,19
DA:74,5
DA:75,5
DA:76,5
DA:77,5
DA:78,5
DA:79,5
DA:80,5
DA:81,5
DA:82,5
DA:84,14
DA:85,14
DA:86,14
DA:91,1
DA:92,10
DA:93,20
DA:94,5
DA:98,5
DA:102,1
DA:103,33
DA:104,33
DA:105,33
DA:106,33
DA:107,33
DA:108,33
DA:109,33
DA:110,33
DA:111,33
DA:112,33
DA:114,33
DA:116,33
DA:118,171
DA:119,171
DA:120,171
DA:122,171
DA:123,171
DA:124,171
DA:125,171
DA:127,171
DA:128,0
DA:129,171
DA:130,24
DA:133,171
DA:134,171
DA:135,171
DA:138,33
DA:141,1
DA:142,33
DA:143,33
DA:145,33
DA:147,489
DA:149,489
DA:150,489
DA:151,0
DA:152,0
DA:153,0
DA:155,0
DA:156,0
DA:157,0
DA:161,33
DA:165,8
LF:106
LH:99
BRDA:27,1,0,132
BRDA:27,1,1,114
BRDA:28,2,0,42
BRDA:28,2,1,90
BRDA:42,3,0,33
BRDA:42,3,1,12
BRDA:57,4,0,57
BRDA:57,4,1,42
BRDA:57,5,0,99
BRDA:57,5,1,99
BRDA:72,6,0,5
BRDA:72,6,1,14
BRDA:72,7,0,19
BRDA:72,7,1,19
BRDA:72,7,2,10
BRDA:93,8,0,5
BRDA:93,8,1,15
BRDA:93,9,0,20
BRDA:93,9,1,10
BRDA:127,10,0,0
BRDA:127,10,1,171
BRDA:129,11,0,24
BRDA:129,11,1,147
BRDA:134,12,0,171
BRDA:134,12,1,0
BRDA:135,13,0,147
BRDA:135,13,1,24
BRDA:149,14,0,489
BRDA:149,14,1,0
BRDA:151,15,0,0
BRDA:151,15,1,0
BRDA:151,16,0,0
BRDA:151,16,1,0
BRF:33
BRH:26
end_of_record
TN:
SF:/Volumes/Data/Projects/VCCorp/Prebid.js/src/adapters/adkernel.js
FN:21,_interopRequireWildcard
FN:23,_interopRequireDefault
FN:29,AdKernelAdapter
FN:43,RtbRequestDispatcher
FN:50,(anonymous_5)
FN:80,insertUserSync
FN:93,(anonymous_7)
FN:94,(anonymous_8)
FN:96,(anonymous_9)
FN:103,dispatchRtbRequest
FN:107,(anonymous_11)
FN:109,(anonymous_12)
FN:111,(anonymous_13)
FN:129,buildRtbRequest
FN:145,buildEndpointUrl
FN:149,buildRequestParams
FN:161,(anonymous_17)
FN:169,processBids
FN:172,(anonymous_19)
FN:181,(anonymous_20)
FN:196,createBidObject
FN:209,createEmptyBidObject
FN:218,formatAdMarkup
FN:226,validateBidParams
FN:233,createSite
FN:251,(anonymous_26)
FNF:26
FNH:26
FNDA:8,_interopRequireWildcard
FNDA:24,_interopRequireDefault
FNDA:32,AdKernelAdapter
FNDA:17,RtbRequestDispatcher
FNDA:22,(anonymous_5)
FNDA:21,insertUserSync
FNDA:17,(anonymous_7)
FNDA:16,(anonymous_8)
FNDA:21,(anonymous_9)
FNDA:21,dispatchRtbRequest
FNDA:21,(anonymous_11)
FNDA:22,(anonymous_12)
FNDA:15,(anonymous_13)
FNDA:21,buildRtbRequest
FNDA:21,buildEndpointUrl
FNDA:21,buildRequestParams
FNDA:17,(anonymous_17)
FNDA:17,processBids
FNDA:24,(anonymous_19)
FNDA:22,(anonymous_20)
FNDA:15,createBidObject
FNDA:9,createEmptyBidObject
FNDA:15,formatAdMarkup
FNDA:24,validateBidParams
FNDA:17,createSite
FNDA:25,(anonymous_26)
DA:3,8
DA:5,8
DA:7,8
DA:9,8
DA:11,8
DA:13,8
DA:15,8
DA:17,8
DA:19,8
DA:21,8
DA:23,24
DA:29,8
DA:30,32
DA:35,32
DA:37,32
DA:43,1
DA:44,17
DA:45,17
DA:46,17
DA:47,17
DA:50,17
DA:51,22
DA:52,22
DA:53,22
DA:54,22
DA:56,22
DA:57,16
DA:60,22
DA:61,21
DA:63,22
DA:64,22
DA:65,6
DA:68,22
DA:69,22
DA:71,22
DA:72,16
DA:74,22
DA:75,21
DA:76,21
DA:80,1
DA:81,21
DA:82,21
DA:83,21
DA:84,21
DA:86,0
DA:93,17
DA:94,17
DA:95,16
DA:96,16
DA:97,21
DA:98,21
DA:103,1
DA:104,21
DA:105,21
DA:106,21
DA:107,21
DA:108,21
DA:109,21
DA:110,22
DA:111,22
DA:113,15
DA:114,15
DA:115,15
DA:118,22
DA:119,7
DA:129,1
DA:130,21
DA:145,1
DA:146,21
DA:149,1
DA:150,21
DA:161,32
DA:162,17
DA:163,17
DA:169,1
DA:170,17
DA:172,17
DA:173,24
DA:174,2
DA:175,2
DA:177,22
DA:181,17
DA:182,22
DA:183,22
DA:184,15
DA:185,15
DA:187,7
DA:188,7
DA:196,1
DA:197,15
DA:209,1
DA:210,9
DA:218,1
DA:219,15
DA:220,15
DA:221,12
DA:223,15
DA:226,1
DA:227,24
DA:233,1
DA:234,17
DA:235,17
DA:240,32
DA:251,8
DA:252,25
DA:255,8
LF:106
LH:105
BRDA:21,1,0,8
BRDA:21,1,1,0
BRDA:21,2,0,8
BRDA:21,2,1,8
BRDA:21,3,0,0
BRDA:21,3,1,0
BRDA:21,4,0,0
BRDA:21,4,1,0
BRDA:23,5,0,0
BRDA:23,5,1,24
BRDA:23,6,0,24
BRDA:23,6,1,24
BRDA:56,7,0,16
BRDA:56,7,1,6
BRDA:60,8,0,21
BRDA:60,8,1,1
BRDA:64,9,0,6
BRDA:64,9,1,16
BRDA:71,10,0,16
BRDA:71,10,1,6
BRDA:74,11,0,21
BRDA:74,11,1,1
BRDA:108,12,0,6
BRDA:108,12,1,15
BRDA:113,13,0,15
BRDA:113,13,1,0
BRDA:113,14,0,15
BRDA:113,14,1,15
BRDA:118,15,0,7
BRDA:118,15,1,15
BRDA:162,16,0,17
BRDA:162,16,1,1
BRDA:173,17,0,2
BRDA:173,17,1,22
BRDA:183,18,0,15
BRDA:183,18,1,7
BRDA:220,19,0,12
BRDA:220,19,1,3
BRDA:227,20,0,24
BRDA:227,20,1,23
BRF:40
BRH:34
end_of_record
TN:
SF:/Volumes/Data/Projects/VCCorp/Prebid.js/src/ajax.js
FN:7,(anonymous_1)
FN:27,ajax
FN:46,(anonymous_3)
FN:51,(anonymous_4)
FN:54,(anonymous_5)
FN:57,(anonymous_6)
FN:61,(anonymous_7)
FNF:7
FNH:2
FNDA:0,(anonymous_1)
FNDA:70,ajax
FNDA:0,(anonymous_3)
FNDA:0,(anonymous_4)
FNDA:0,(anonymous_5)
FNDA:0,(anonymous_6)
FNDA:788,(anonymous_7)
DA:3,17
DA:7,17
DA:9,17
DA:11,17
DA:13,17
DA:15,17
DA:27,1
DA:28,70
DA:30,70
DA:31,70
DA:32,70
DA:33,70
DA:35,70
DA:36,0
DA:38,70
DA:39,70
DA:40,0
DA:44,70
DA:45,0
DA:46,0
DA:47,0
DA:51,0
DA:52,0
DA:54,0
DA:55,0
DA:57,0
DA:58,0
DA:61,70
DA:62,788
DA:63,43
DA:68,70
DA:69,4
DA:70,4
DA:71,4
DA:74,70
DA:76,70
DA:77,70
DA:78,70
DA:80,70
DA:81,0
DA:83,70
DA:85,70
DA:87,0
LF:43
LH:30
BRDA:7,1,0,17
BRDA:7,1,1,0
BRDA:7,2,0,0
BRDA:7,2,1,0
BRDA:28,3,0,70
BRDA:28,3,1,0
BRDA:28,4,0,70
BRDA:28,4,1,70
BRDA:33,5,0,70
BRDA:33,5,1,66
BRDA:33,6,0,16
BRDA:33,6,1,50
BRDA:35,7,0,0
BRDA:35,7,1,70
BRDA:39,8,0,0
BRDA:39,8,1,70
BRDA:44,9,0,0
BRDA:44,9,1,70
BRDA:62,10,0,43
BRDA:62,10,1,745
BRDA:62,11,0,788
BRDA:62,11,1,43
BRDA:68,12,0,4
BRDA:68,12,1,66
BRDA:68,13,0,70
BRDA:68,13,1,54
BRDA:76,14,0,70
BRDA:76,14,1,0
BRDA:77,15,0,70
BRDA:77,15,1,0
BRDA:80,16,0,0
BRDA:80,16,1,70
BRDA:83,17,0,70
BRDA:83,17,1,53
BRDA:85,18,0,70
BRDA:85,18,1,16
BRF:36
BRH:26
end_of_record
TN:
SF:/Volumes/Data/Projects/VCCorp/Prebid.js/src/url.js
FN:7,(anonymous_1)
FN:7,sliceIterator
FN:7,(anonymous_3)
FN:13,parseQS
FN:14,(anonymous_5)
FN:31,formatQS
FN:32,(anonymous_7)
FN:33,(anonymous_8)
FN:39,parse
FN:53,format
FNF:10
FNH:8
FNDA:20,(anonymous_1)
FNDA:0,sliceIterator
FNDA:55,(anonymous_3)
FNDA:19,parseQS
FNDA:55,(anonymous_5)
FNDA:10,formatQS
FNDA:59,(anonymous_7)
FNDA:0,(anonymous_8)
FNDA:19,parse
FNDA:10,format
DA:3,20
DA:7,55
DA:9,20
DA:10,20
DA:11,20
DA:12,20
DA:13,1
DA:14,19
DA:15,55
DA:20,55
DA:21,0
DA:22,0
DA:23,0
DA:25,55
DA:27,55
DA:31,1
DA:32,10
DA:33,59
DA:34,0
DA:39,1
DA:40,19
DA:41,19
DA:42,19
DA:53,1
DA:54,10
LF:25
LH:21
BRDA:7,1,0,0
BRDA:7,1,1,0
BRDA:7,2,0,0
BRDA:7,2,1,0
BRDA:7,3,0,0
BRDA:7,3,1,0
BRDA:7,4,0,0
BRDA:7,4,1,0
BRDA:7,5,0,0
BRDA:7,5,1,0
BRDA:7,6,0,55
BRDA:7,6,1,0
BRDA:7,7,0,0
BRDA:7,7,1,0
BRDA:14,8,0,7
BRDA:14,8,1,12
BRDA:20,9,0,0
BRDA:20,9,1,55
BRDA:22,10,0,0
BRDA:22,10,1,0
BRDA:25,11,0,55
BRDA:25,11,1,0
BRDA:33,12,0,0
BRDA:33,12,1,59
BRDA:43,13,0,19
BRDA:43,13,1,0
BRDA:47,14,0,19
BRDA:47,14,1,7
BRDA:48,15,0,19
BRDA:48,15,1,12
BRDA:54,16,0,10
BRDA:54,16,1,1
BRDA:54,17,0,10
BRDA:54,17,1,2
BRDA:54,18,0,1
BRDA:54,18,1,1
BRDA:54,19,0,10
BRDA:54,19,1,1
BRDA:54,20,0,9
BRDA:54,20,1,1
BRDA:54,21,0,9
BRDA:54,21,1,0
BRDA:54,22,0,1
BRDA:54,22,1,9
BRF:44
BRH:24
end_of_record
TN:
SF:/Volumes/Data/Projects/VCCorp/Prebid.js/src/adapters/admixer.js
FN:13,AdmixerAdapter
FN:16,_callBids
FN:35,_requestBid
FN:39,_responseCallback
FNF:4
FNH:4
FNDA:8,AdmixerAdapter
FNDA:5,_callBids
FNDA:3,_requestBid
FNDA:3,_responseCallback
DA:3,8
DA:4,8
DA:5,8
DA:6,8
DA:13,8
DA:14,8
DA:16,1
DA:17,5
DA:18,5
DA:19,5
DA:20,5
DA:25,5
DA:26,3
DA:28,2
DA:29,2
DA:30,2
DA:35,1
DA:36,3
DA:39,1
DA:40,3
DA:41,3
DA:43,1
DA:44,1
DA:46,3
DA:47,3
DA:48,3
DA:49,3
DA:50,1
DA:51,1
DA:52,1
DA:53,1
DA:54,1
DA:55,1
DA:57,2
DA:58,2
DA:60,3
DA:63,8
DA:69,8
LF:38
LH:38
BRDA:17,1,0,5
BRDA:17,1,1,0
BRDA:22,2,0,5
BRDA:22,2,1,5
BRDA:25,3,0,3
BRDA:25,3,1,2
BRDA:49,4,0,1
BRDA:49,4,1,2
BRF:8
BRH:7
end_of_record
TN:
SF:/Volumes/Data/Projects/VCCorp/Prebid.js/src/adapters/aol.js
FN:5,_taggedTemplateLiteral
FN:12,AolAdapter
FN:23,template
FN:28,(anonymous_4)
FN:35,(anonymous_5)
FN:43,_buildPubapiUrl
FN:76,_addErrorBidResponse
FN:86,_addBidResponse
FN:131,_callBids
FN:132,(anonymous_10)
FN:135,(anonymous_11)
FNF:11
FNH:11
FNDA:8,_taggedTemplateLiteral
FNDA:37,AolAdapter
FNDA:37,template
FNDA:34,(anonymous_4)
FNDA:306,(anonymous_5)
FNDA:34,_buildPubapiUrl
FNDA:10,_addErrorBidResponse
FNDA:11,_addBidResponse
FNDA:35,_callBids
FNDA:34,(anonymous_10)
FNDA:18,(anonymous_11)
DA:3,8
DA:5,8
DA:7,8
DA:8,8
DA:9,8
DA:10,8
DA:12,8
DA:14,37
DA:15,37
DA:16,37
DA:17,37
DA:23,1
DA:24,37
DA:25,333
DA:28,37
DA:29,34
DA:30,34
DA:33,34
DA:34,34
DA:35,34
DA:36,306
DA:37,306
DA:39,34
DA:43,1
DA:44,34
DA:45,34
DA:46,34
DA:47,34
DA:49,34
DA:50,1
DA:51,1
DA:54,34
DA:55,1
DA:57,33
DA:61,34
DA:63,34
DA:76,1
DA:77,10
DA:79,10
DA:80,10
DA:81,10
DA:82,10
DA:83,10
DA:86,1
DA:87,11
DA:89,11
DA:90,11
DA:92,2
DA:93,2
DA:96,9
DA:98,9
DA:99,1
DA:101,8
DA:103,8
DA:104,1
DA:105,1
DA:106,1
DA:110,8
DA:111,8
DA:112,1
DA:115,8
DA:116,8
DA:117,8
DA:118,8
DA:119,8
DA:120,8
DA:121,8
DA:122,8
DA:123,8
DA:124,8
DA:125,2
DA:128,8
DA:131,1
DA:132,35
DA:133,34
DA:135,34
DA:137,18
DA:138,1
DA:140,18
DA:142,18
DA:143,6
DA:144,6
DA:145,6
DA:148,12
DA:149,12
DA:151,1
DA:152,1
DA:153,1
DA:156,11
DA:161,37
DA:166,8
LF:91
LH:91
BRDA:33,1,0,34
BRDA:33,1,1,0
BRDA:36,2,0,0
BRDA:36,2,1,306
BRDA:46,3,0,34
BRDA:46,3,1,16
BRDA:49,4,0,1
BRDA:49,4,1,33
BRDA:54,5,0,1
BRDA:54,5,1,33
BRDA:64,6,0,0
BRDA:64,6,1,34
BRDA:68,7,0,34
BRDA:68,7,1,33
BRDA:69,8,0,34
BRDA:69,8,1,33
BRDA:70,9,0,34
BRDA:70,9,1,33
BRDA:71,10,0,1
BRDA:71,10,1,33
BRDA:77,11,0,10
BRDA:77,11,1,0
BRDA:77,12,0,10
BRDA:77,12,1,10
BRDA:98,13,0,1
BRDA:98,13,1,8
BRDA:98,14,0,9
BRDA:98,14,1,9
BRDA:103,15,0,1
BRDA:103,15,1,7
BRDA:103,16,0,8
BRDA:103,16,1,8
BRDA:111,17,0,1
BRDA:111,17,1,7
BRDA:111,18,0,8
BRDA:111,18,1,1
BRDA:124,19,0,2
BRDA:124,19,1,6
BRDA:137,20,0,1
BRDA:137,20,1,17
BRDA:137,21,0,18
BRDA:137,21,1,14
BRDA:137,21,2,14
BRDA:137,21,3,1
BRDA:142,22,0,6
BRDA:142,22,1,12
BRDA:142,23,0,18
BRDA:142,23,1,6
BRF:48
BRH:44
end_of_record
TN:
SF:/Volumes/Data/Projects/VCCorp/Prebid.js/src/adapters/appnexusAst.js
FN:3,(anonymous_1)
FN:3,(anonymous_2)
FN:25,_interopRequireWildcard
FN:27,_interopRequireDefault
FN:29,_toConsumableArray
FN:40,AppnexusAstAdapter
FN:47,(anonymous_7)
FN:51,(anonymous_8)
FN:53,(anonymous_9)
FN:104,(anonymous_10)
FN:106,(anonymous_11)
FN:113,(anonymous_12)
FN:115,(anonymous_13)
FN:137,handleResponse
FN:154,(anonymous_15)
FN:156,(anonymous_16)
FN:162,(anonymous_17)
FN:198,valid
FN:207,getKeywords
FN:210,(anonymous_20)
FN:213,(anonymous_21)
FN:235,getSizes
FN:256,getRtbBid
FN:257,(anonymous_24)
FN:263,createBid
FN:302,(anonymous_26)
FNF:26
FNH:25
FNDA:8,(anonymous_1)
FNDA:0,(anonymous_2)
FNDA:8,_interopRequireWildcard
FNDA:24,_interopRequireDefault
FNDA:9,_toConsumableArray
FNDA:18,AppnexusAstAdapter
FNDA:11,(anonymous_7)
FNDA:10,(anonymous_8)
FNDA:9,(anonymous_9)
FNDA:3,(anonymous_10)
FNDA:2,(anonymous_11)
FNDA:2,(anonymous_12)
FNDA:1,(anonymous_13)
FNDA:5,handleResponse
FNDA:2,(anonymous_15)
FNDA:2,(anonymous_16)
FNDA:3,(anonymous_17)
FNDA:10,valid
FNDA:1,getKeywords
FNDA:6,(anonymous_20)
FNDA:5,(anonymous_21)
FNDA:9,getSizes
FNDA:8,getRtbBid
FNDA:4,(anonymous_24)
FNDA:5,createBid
FNDA:11,(anonymous_26)
DA:3,8
DA:5,8
DA:7,8
DA:9,8
DA:11,8
DA:13,8
DA:15,8
DA:17,8
DA:19,8
DA:21,8
DA:23,8
DA:25,8
DA:27,24
DA:29,9
DA:31,8
DA:32,8
DA:33,8
DA:40,1
DA:42,18
DA:43,18
DA:44,18
DA:47,18
DA:48,11
DA:49,11
DA:50,11
DA:51,11
DA:52,10
DA:55,9
DA:57,9
DA:58,9
DA:59,9
DA:60,9
DA:61,9
DA:62,9
DA:64,0
DA:66,9
DA:67,9
DA:68,9
DA:69,9
DA:70,9
DA:71,0
DA:73,9
DA:74,0
DA:76,9
DA:77,0
DA:79,9
DA:80,0
DA:82,9
DA:83,0
DA:85,9
DA:86,0
DA:88,9
DA:89,0
DA:91,9
DA:92,0
DA:94,9
DA:95,1
DA:98,9
DA:99,1
DA:101,9
DA:102,1
DA:104,1
DA:105,3
DA:107,2
DA:111,9
DA:112,1
DA:113,1
DA:114,2
DA:116,1
DA:120,9
DA:123,11
DA:124,9
DA:125,9
DA:126,0
DA:128,9
DA:129,9
DA:137,1
DA:138,5
DA:140,5
DA:141,5
DA:143,1
DA:146,5
DA:147,2
DA:148,2
DA:149,1
DA:151,2
DA:154,2
DA:155,2
DA:157,2
DA:159,2
DA:162,3
DA:163,3
DA:164,3
DA:165,3
DA:167,3
DA:168,3
DA:169,2
DA:171,1
DA:174,3
DA:175,0
DA:178,3
DA:179,3
DA:180,3
DA:181,3
DA:182,3
DA:185,3
DA:186,3
DA:187,3
DA:188,3
DA:189,3
DA:191,0
DA:193,3
DA:198,1
DA:199,10
DA:200,9
DA:202,1
DA:207,1
DA:208,1
DA:210,1
DA:211,6
DA:212,3
DA:213,3
DA:214,5
DA:215,5
DA:216,5
DA:219,3
DA:221,3
DA:222,3
DA:223,2
DA:225,1
DA:228,5
DA:231,1
DA:235,1
DA:236,9
DA:237,9
DA:239,9
DA:240,0
DA:241,0
DA:242,0
DA:243,9
DA:244,8
DA:245,16
DA:246,16
DA:247,16
DA:248,16
DA:249,16
DA:253,9
DA:256,1
DA:257,8
DA:258,4
DA:263,1
DA:264,5
DA:265,5
DA:266,5
DA:267,5
DA:269,5
DA:270,2
DA:271,2
DA:273,2
DA:274,1
DA:275,1
DA:276,1
DA:277,1
DA:279,1
DA:280,1
DA:281,1
DA:282,1
DA:283,1
DA:284,1
DA:285,1
DA:287,0
DA:292,5
DA:295,18
DA:302,8
DA:303,11
DA:306,8
LF:176
LH:160
BRDA:3,1,0,8
BRDA:3,1,1,0
BRDA:3,2,0,8
BRDA:3,2,1,8
BRDA:3,3,0,0
BRDA:3,3,1,0
BRDA:3,4,0,0
BRDA:3,4,1,0
BRDA:3,4,2,0
BRDA:3,4,3,0
BRDA:25,5,0,8
BRDA:25,5,1,0
BRDA:25,6,0,8
BRDA:25,6,1,8
BRDA:25,7,0,0
BRDA:25,7,1,0
BRDA:25,8,0,0
BRDA:25,8,1,0
BRDA:27,9,0,0
BRDA:27,9,1,24
BRDA:27,10,0,24
BRDA:27,10,1,24
BRDA:29,11,0,9
BRDA:29,11,1,0
BRDA:48,12,0,11
BRDA:48,12,1,1
BRDA:61,13,0,9
BRDA:61,13,1,0
BRDA:66,14,0,9
BRDA:66,14,1,9
BRDA:70,15,0,0
BRDA:70,15,1,9
BRDA:73,16,0,0
BRDA:73,16,1,9
BRDA:74,17,0,0
BRDA:74,17,1,0
BRDA:76,18,0,0
BRDA:76,18,1,9
BRDA:79,19,0,0
BRDA:79,19,1,9
BRDA:82,20,0,0
BRDA:82,20,1,9
BRDA:85,21,0,0
BRDA:85,21,1,9
BRDA:88,22,0,0
BRDA:88,22,1,9
BRDA:91,23,0,0
BRDA:91,23,1,9
BRDA:94,24,0,1
BRDA:94,24,1,8
BRDA:98,25,0,1
BRDA:98,25,1,8
BRDA:101,26,0,1
BRDA:101,26,1,8
BRDA:111,27,0,1
BRDA:111,27,1,8
BRDA:123,28,0,9
BRDA:123,28,1,2
BRDA:125,29,0,0
BRDA:125,29,1,9
BRDA:146,30,0,2
BRDA:146,30,1,3
BRDA:146,31,0,5
BRDA:146,31,1,4
BRDA:148,32,0,1
BRDA:148,32,1,1
BRDA:148,33,0,2
BRDA:148,33,1,1
BRDA:164,34,0,3
BRDA:164,34,1,2
BRDA:165,35,0,3
BRDA:165,35,1,2
BRDA:168,36,0,2
BRDA:168,36,1,1
BRDA:168,37,0,3
BRDA:168,37,1,3
BRDA:168,37,2,2
BRDA:174,38,0,0
BRDA:174,38,1,3
BRDA:174,39,0,3
BRDA:174,39,1,2
BRDA:174,39,2,1
BRDA:180,40,0,1
BRDA:180,40,1,2
BRDA:185,41,0,3
BRDA:185,41,1,0
BRDA:199,42,0,9
BRDA:199,42,1,1
BRDA:199,43,0,10
BRDA:199,43,1,1
BRDA:199,43,2,1
BRDA:211,44,0,3
BRDA:211,44,1,3
BRDA:215,45,0,5
BRDA:215,45,1,0
BRDA:222,46,0,2
BRDA:222,46,1,1
BRDA:239,47,0,0
BRDA:239,47,1,9
BRDA:239,48,0,9
BRDA:239,48,1,8
BRDA:239,48,2,8
BRDA:243,49,0,8
BRDA:243,49,1,1
BRDA:243,50,0,1
BRDA:243,50,1,8
BRDA:257,51,0,8
BRDA:257,51,1,6
BRDA:257,51,2,4
BRDA:257,51,3,4
BRDA:269,52,0,2
BRDA:269,52,1,3
BRDA:269,53,0,5
BRDA:269,53,1,2
BRDA:273,54,0,1
BRDA:273,54,1,1
BRF:116
BRH:86
end_of_record
TN:
SF:/Volumes/Data/Projects/VCCorp/Prebid.js/src/adapters/centro.js
FN:8,CentroAdapter
FN:22,_makeHandler
FN:23,(anonymous_3)
FN:34,_sendBidRequest
FN:73,_responseProcessing
FN:101,_callBids
FNF:6
FNH:6
FNDA:10,CentroAdapter
FNDA:10,_makeHandler
FNDA:4,(anonymous_3)
FNDA:11,_sendBidRequest
FNDA:4,_responseProcessing
FNDA:3,_callBids
DA:3,8
DA:4,8
DA:5,8
DA:6,8
DA:8,8
DA:9,10
DA:22,1
DA:23,10
DA:24,4
DA:25,4
DA:28,0
DA:30,4
DA:34,1
DA:35,11
DA:38,11
DA:39,11
DA:41,1
DA:42,1
DA:44,10
DA:45,10
DA:47,10
DA:48,1
DA:51,10
DA:52,10
DA:55,10
DA:56,10
DA:61,10
DA:63,10
DA:73,1
DA:74,4
DA:75,4
DA:77,4
DA:78,1
DA:79,1
DA:80,1
DA:81,1
DA:82,1
DA:85,3
DA:86,3
DA:88,4
DA:89,4
DA:101,1
DA:102,3
DA:104,3
DA:105,11
DA:106,11
DA:107,11
DA:112,10
DA:117,8
LF:49
LH:48
BRDA:36,1,0,11
BRDA:36,1,1,11
BRDA:39,2,0,1
BRDA:39,2,1,10
BRDA:47,3,0,1
BRDA:47,3,1,9
BRDA:51,4,0,10
BRDA:51,4,1,0
BRDA:51,5,0,10
BRDA:51,5,1,10
BRDA:51,5,2,10
BRDA:51,5,3,10
BRDA:63,6,0,0
BRDA:63,6,1,10
BRDA:63,7,0,3
BRDA:63,7,1,7
BRDA:75,8,0,4
BRDA:75,8,1,3
BRDA:75,8,2,4
BRDA:77,9,0,1
BRDA:77,9,1,3
BRDA:77,10,0,4
BRDA:77,10,1,3
BRDA:77,10,2,1
BRDA:85,11,0,2
BRDA:85,11,1,1
BRDA:85,12,0,2
BRDA:85,12,1,1
BRDA:103,13,0,3
BRDA:103,13,1,0
BRDA:106,14,0,11
BRDA:106,14,1,0
BRDA:106,15,0,11
BRDA:106,15,1,11
BRF:34
BRH:30
end_of_record
TN:
SF:/Volumes/Data/Projects/VCCorp/Prebid.js/src/adapters/conversant.js
FN:14,ConversantAdapter
FN:22,appendScript
FN:36,getDNT
FN:40,getDevice
FN:52,callBids
FN:57,requestBids
FN:66,(anonymous_7)
FN:121,addEmptyBidResponses
FN:122,(anonymous_9)
FN:127,(anonymous_10)
FN:138,parseSeatbid
FN:140,(anonymous_12)
FN:150,(anonymous_13)
FN:152,(anonymous_14)
FN:195,(anonymous_15)
FN:210,(anonymous_16)
FN:211,(anonymous_17)
FNF:17
FNH:15
FNDA:11,ConversantAdapter
FNDA:1,appendScript
FNDA:1,getDNT
FNDA:1,getDevice
FNDA:1,callBids
FNDA:1,requestBids
FNDA:3,(anonymous_7)
FNDA:4,addEmptyBidResponses
FNDA:68,(anonymous_9)
FNDA:12,(anonymous_10)
FNDA:2,parseSeatbid
FNDA:5,(anonymous_12)
FNDA:85,(anonymous_13)
FNDA:9,(anonymous_14)
FNDA:4,(anonymous_15)
FNDA:0,(anonymous_16)
FNDA:0,(anonymous_17)
DA:3,8
DA:14,8
DA:15,11
DA:19,11
DA:22,11
DA:23,1
DA:24,1
DA:25,1
DA:27,1
DA:28,1
DA:29,1
DA:31,0
DA:32,0
DA:36,11
DA:37,1
DA:40,11
DA:41,1
DA:42,1
DA:52,11
DA:53,1
DA:54,1
DA:57,11
DA:59,1
DA:66,1
DA:67,3
DA:72,3
DA:73,3
DA:76,3
DA:78,3
DA:79,0
DA:80,0
DA:82,3
DA:83,3
DA:86,3
DA:98,3
DA:101,1
DA:115,1
DA:116,1
DA:121,11
DA:122,4
DA:123,68
DA:126,4
DA:127,4
DA:128,12
DA:130,8
DA:131,8
DA:132,8
DA:138,11
DA:139,2
DA:140,2
DA:141,5
DA:150,5
DA:151,85
DA:153,9
DA:156,5
DA:157,5
DA:158,5
DA:159,5
DA:161,5
DA:162,4
DA:163,4
DA:164,4
DA:165,4
DA:166,4
DA:169,4
DA:170,4
DA:171,4
DA:173,4
DA:176,4
DA:178,4
DA:179,4
DA:180,0
DA:181,0
DA:183,4
DA:184,4
DA:187,4
DA:191,2
DA:195,11
DA:197,4
DA:198,3
DA:199,2
DA:202,1
DA:206,1
DA:209,4
DA:210,0
DA:211,0
DA:212,0
DA:215,0
DA:216,0
DA:222,11
DA:227,8
LF:91
LH:80
BRDA:37,1,0,1
BRDA:37,1,1,1
BRDA:37,1,2,1
BRDA:37,1,3,1
BRDA:41,2,0,1
BRDA:41,2,1,0
BRDA:45,3,0,0
BRDA:45,3,1,1
BRDA:47,4,0,1
BRDA:47,4,1,0
BRDA:53,5,0,1
BRDA:53,5,1,0
BRDA:72,6,0,0
BRDA:72,6,1,3
BRDA:76,7,0,0
BRDA:76,7,1,3
BRDA:78,8,0,0
BRDA:78,8,1,3
BRDA:78,9,0,3
BRDA:78,9,1,1
BRDA:78,9,2,0
BRDA:93,10,0,0
BRDA:93,10,1,3
BRDA:107,11,0,1
BRDA:107,11,1,0
BRDA:115,12,0,0
BRDA:115,12,1,1
BRDA:126,13,0,4
BRDA:126,13,1,0
BRDA:126,14,0,4
BRDA:126,14,1,4
BRDA:128,15,0,8
BRDA:128,15,1,4
BRDA:156,16,0,5
BRDA:156,16,1,0
BRDA:161,17,0,4
BRDA:161,17,1,1
BRDA:165,18,0,4
BRDA:165,18,1,0
BRDA:166,19,0,4
BRDA:166,19,1,4
BRDA:170,20,0,4
BRDA:170,20,1,0
BRDA:179,21,0,0
BRDA:179,21,1,4
BRDA:179,22,0,4
BRDA:179,22,1,1
BRDA:179,22,2,0
BRDA:197,23,0,3
BRDA:197,23,1,1
BRDA:197,24,0,4
BRDA:197,24,1,4
BRDA:198,25,0,2
BRDA:198,25,1,1
BRDA:198,26,0,3
BRDA:198,26,1,3
BRDA:198,26,2,2
BRDA:198,26,3,2
BRDA:209,27,0,0
BRDA:209,27,1,4
BRDA:215,28,0,0
BRDA:215,28,1,0
BRF:62
BRH:42
end_of_record
TN:
SF:/Volumes/Data/Projects/VCCorp/Prebid.js/src/adapters/criteo.js
FN:7,CriteoAdapter
FN:13,_callBids
FN:18,(anonymous_3)
FN:26,_pushBidRequestEvent
FN:33,biddingEventFunc
FN:59,parseBidResponse
FN:67,isNoBidResponse
FN:71,_callbackSuccess
FN:72,(anonymous_9)
FN:105,_callbackError
FN:106,(anonymous_11)
FN:113,_invalidBidResponse
FNF:12
FNH:12
FNDA:16,CriteoAdapter
FNDA:9,_callBids
FNDA:1,(anonymous_3)
FNDA:9,_pushBidRequestEvent
FNDA:9,biddingEventFunc
FNDA:8,parseBidResponse
FNDA:8,isNoBidResponse
FNDA:9,_callbackSuccess
FNDA:8,(anonymous_9)
FNDA:20,_callbackError
FNDA:3,(anonymous_11)
FNDA:5,_invalidBidResponse
DA:3,8
DA:4,8
DA:5,8
DA:7,8
DA:9,16
DA:10,16
DA:11,16
DA:13,1
DA:14,9
DA:17,1
DA:18,1
DA:21,8
DA:26,1
DA:29,9
DA:30,9
DA:33,9
DA:35,9
DA:37,9
DA:39,9
DA:42,9
DA:43,10
DA:44,10
DA:46,10
DA:49,9
DA:53,9
DA:56,9
DA:59,1
DA:60,8
DA:61,8
DA:63,1
DA:67,1
DA:68,8
DA:71,1
DA:72,9
DA:73,8
DA:75,8
DA:77,6
DA:78,7
DA:81,7
DA:82,6
DA:83,5
DA:84,5
DA:89,7
DA:90,7
DA:91,5
DA:92,5
DA:93,5
DA:94,5
DA:95,5
DA:96,5
DA:98,2
DA:100,7
DA:105,1
DA:106,20
DA:107,3
DA:108,3
DA:113,1
DA:114,5
DA:115,5
DA:116,5
DA:119,16
DA:124,8
LF:62
LH:62
BRDA:14,1,0,1
BRDA:14,1,1,8
BRDA:14,2,0,9
BRDA:14,2,1,8
BRDA:29,3,0,9
BRDA:29,3,1,1
BRDA:30,4,0,9
BRDA:30,4,1,1
BRDA:35,5,0,9
BRDA:35,5,1,0
BRDA:75,6,0,2
BRDA:75,6,1,6
BRDA:82,7,0,5
BRDA:82,7,1,1
BRDA:82,8,0,6
BRDA:82,8,1,6
BRDA:90,9,0,5
BRDA:90,9,1,2
BRF:18
BRH:17
end_of_record
TN:
SF:/Volumes/Data/Projects/VCCorp/Prebid.js/src/adapters/districtmDMX.js
FN:7,districtmAdaptor
FN:11,(anonymous_2)
FN:13,(anonymous_3)
FN:22,(anonymous_4)
FN:41,(anonymous_5)
FNF:5
FNH:4
FNDA:15,districtmAdaptor
FNDA:3,(anonymous_2)
FNDA:0,(anonymous_3)
FNDA:2,(anonymous_4)
FNDA:3,(anonymous_5)
DA:3,8
DA:4,8
DA:5,8
DA:7,8
DA:8,15
DA:10,15
DA:11,15
DA:12,3
DA:13,1
DA:14,0
DA:17,2
DA:19,3
DA:22,15
DA:23,2
DA:24,2
DA:25,1
DA:26,1
DA:27,1
DA:28,1
DA:29,1
DA:30,1
DA:31,1
DA:33,1
DA:34,1
DA:35,1
DA:38,2
DA:41,15
DA:42,3
DA:43,3
DA:44,3
DA:46,3
DA:47,3
DA:50,15
DA:57,8
LF:34
LH:33
BRDA:12,1,0,1
BRDA:12,1,1,2
BRDA:24,2,0,1
BRDA:24,2,1,1
BRF:4
BRH:4
end_of_record
TN:
SF:/Volumes/Data/Projects/VCCorp/Prebid.js/src/adapters/fidelity.js
FN:9,FidelityAdapter
FN:13,_callBids
FN:15,(anonymous_3)
FN:44,getFlashVersion
FN:59,addBlankBidResponses
FN:60,(anonymous_6)
FN:65,(anonymous_7)
FN:76,(anonymous_8)
FNF:8
FNH:8
FNDA:12,FidelityAdapter
FNDA:3,_callBids
FNDA:3,(anonymous_3)
FNDA:3,getFlashVersion
FNDA:1,addBlankBidResponses
FNDA:20,(anonymous_6)
FNDA:1,(anonymous_7)
FNDA:2,(anonymous_8)
DA:3,8
DA:4,8
DA:5,8
DA:6,8
DA:7,8
DA:9,8
DA:10,12
DA:11,12
DA:13,1
DA:14,3
DA:15,3
DA:16,3
DA:17,3
DA:18,3
DA:19,3
DA:20,3
DA:21,3
DA:22,3
DA:23,3
DA:25,3
DA:26,3
DA:27,3
DA:29,0
DA:31,3
DA:32,3
DA:34,3
DA:35,3
DA:36,3
DA:37,3
DA:38,3
DA:40,3
DA:44,1
DA:45,3
DA:47,3
DA:48,3
DA:49,3
DA:50,9
DA:51,9
DA:52,3
DA:56,3
DA:59,1
DA:60,1
DA:61,20
DA:64,1
DA:65,1
DA:66,1
DA:68,1
DA:69,1
DA:70,1
DA:76,12
DA:78,2
DA:79,1
DA:80,1
DA:83,1
DA:84,1
DA:85,1
DA:87,1
DA:88,1
DA:89,1
DA:90,1
DA:91,1
DA:92,1
DA:93,1
DA:95,1
DA:96,1
DA:99,12
DA:104,8
LF:67
LH:66
BRDA:14,1,0,3
BRDA:14,1,1,0
BRDA:16,2,0,3
BRDA:16,2,1,2
BRDA:23,3,0,3
BRDA:23,3,1,0
BRDA:23,4,0,0
BRDA:23,4,1,0
BRDA:27,5,0,3
BRDA:27,5,1,0
BRDA:31,6,0,3
BRDA:31,6,1,2
BRDA:34,7,0,3
BRDA:34,7,1,2
BRDA:36,8,0,3
BRDA:36,8,1,0
BRDA:37,9,0,1
BRDA:37,9,1,2
BRDA:47,10,0,3
BRDA:47,10,1,0
BRDA:47,11,0,3
BRDA:47,11,1,3
BRDA:49,12,0,12
BRDA:49,12,1,12
BRDA:51,13,0,3
BRDA:51,13,1,6
BRDA:56,14,0,3
BRDA:56,14,1,0
BRDA:64,15,0,1
BRDA:64,15,1,0
BRDA:64,16,0,1
BRDA:64,16,1,1
BRDA:66,17,0,1
BRDA:66,17,1,0
BRDA:78,18,0,1
BRDA:78,18,1,1
BRDA:78,19,0,2
BRDA:78,19,1,2
BRDA:78,19,2,2
BRDA:78,19,3,1
BRDA:78,19,4,1
BRDA:84,20,0,1
BRDA:84,20,1,0
BRDA:89,21,0,1
BRDA:89,21,1,0
BRDA:95,22,0,1
BRDA:95,22,1,1
BRF:47
BRH:35
end_of_record
TN:
SF:/Volumes/Data/Projects/VCCorp/Prebid.js/src/adapters/getintent.js
FN:9,GetIntentAdapter
FN:12,_callBids
FN:14,(anonymous_3)
FN:22,addOptional
FN:30,bid
FN:41,(anonymous_6)
FNF:6
FNH:5
FNDA:12,GetIntentAdapter
FNDA:5,_callBids
FNDA:0,(anonymous_3)
FNDA:15,addOptional
FNDA:5,bid
FNDA:15,(anonymous_6)
DA:5,8
DA:6,8
DA:7,8
DA:9,8
DA:10,12
DA:12,1
DA:13,5
DA:14,0
DA:15,0
DA:18,5
DA:22,1
DA:23,15
DA:24,30
DA:25,15
DA:30,1
DA:31,5
DA:32,5
DA:33,15
DA:34,15
DA:40,15
DA:41,15
DA:42,15
DA:43,5
DA:44,5
DA:45,5
DA:47,10
DA:48,10
DA:49,10
DA:50,10
DA:51,10
DA:52,10
DA:53,10
DA:54,10
DA:60,12
DA:65,8
LF:35
LH:33
BRDA:13,1,0,0
BRDA:13,1,1,5
BRDA:24,2,0,15
BRDA:24,2,1,15
BRDA:31,3,0,5
BRDA:31,3,1,0
BRDA:37,4,0,15
BRDA:37,4,1,15
BRDA:42,5,0,5
BRDA:42,5,1,10
BRF:10
BRH:8
end_of_record
TN:
SF:/Volumes/Data/Projects/VCCorp/Prebid.js/src/adapters/gumgum.js
FN:3,(anonymous_1)
FN:13,GumgumAdapter
FN:31,_getTimeStamp
FN:35,_callBids
FN:47,(anonymous_5)
FN:107,_handleGumGumResponse
FN:108,(anonymous_7)
FNF:7
FNH:6
FNDA:0,(anonymous_1)
FNDA:27,GumgumAdapter
FNDA:100,_getTimeStamp
FNDA:20,_callBids
FNDA:100,(anonymous_5)
FNDA:79,_handleGumGumResponse
FNDA:11,(anonymous_7)
DA:3,8
DA:5,8
DA:6,8
DA:7,8
DA:8,8
DA:10,8
DA:11,8
DA:13,8
DA:15,27
DA:17,27
DA:18,27
DA:19,27
DA:20,27
DA:21,27
DA:22,27
DA:24,27
DA:25,27
DA:26,27
DA:28,0
DA:31,1
DA:32,100
DA:35,1
DA:36,20
DA:38,20
DA:47,20
DA:48,100
DA:53,100
DA:54,100
DA:55,100
DA:56,100
DA:57,100
DA:60,100
DA:62,20
DA:64,20
DA:66,20
DA:68,20
DA:70,20
DA:74,80
DA:75,80
DA:76,80
DA:77,80
DA:78,80
DA:79,1
DA:82,79
DA:85,79
DA:87,79
DA:89,79
DA:92,79
DA:94,79
DA:99,79
DA:100,79
DA:101,79
DA:102,79
DA:103,79
DA:107,27
DA:108,79
DA:109,11
DA:110,11
DA:111,11
DA:118,11
DA:119,11
DA:121,7
DA:123,7
DA:124,7
DA:126,7
DA:127,7
DA:128,7
DA:129,7
DA:136,7
DA:138,4
DA:139,4
DA:140,4
DA:142,11
DA:146,27
DA:148,27
DA:153,8
LF:76
LH:75
BRDA:3,1,0,8
BRDA:3,1,1,0
BRDA:3,2,0,0
BRDA:3,2,1,0
BRDA:45,3,0,20
BRDA:45,3,1,0
BRDA:50,4,0,20
BRDA:50,4,1,80
BRDA:60,5,0,20
BRDA:60,5,1,20
BRDA:60,5,2,20
BRDA:60,5,3,20
BRDA:60,5,4,20
BRDA:78,6,0,1
BRDA:78,6,1,79
BRDA:78,7,0,80
BRDA:78,7,1,4
BRDA:78,7,2,1
BRDA:85,8,0,19
BRDA:85,8,1,60
BRDA:87,9,0,20
BRDA:87,9,1,59
BRDA:89,10,0,20
BRDA:89,10,1,59
BRDA:92,11,0,3
BRDA:92,11,1,76
BRDA:109,12,0,7
BRDA:109,12,1,4
BRDA:109,13,0,11
BRDA:109,13,1,11
BRDA:112,14,0,4
BRDA:112,14,1,7
BRDA:114,15,0,4
BRDA:114,15,1,7
BRDA:118,16,0,7
BRDA:118,16,1,4
BRDA:118,17,0,11
BRDA:118,17,1,11
BRDA:119,18,0,7
BRDA:119,18,1,4
BRDA:119,19,0,11
BRDA:119,19,1,11
BRDA:121,20,0,7
BRDA:121,20,1,7
BRF:44
BRH:40
end_of_record
TN:
SF:/Volumes/Data/Projects/VCCorp/Prebid.js/src/adapters/hiromedia.js
FN:3,(anonymous_1)
FN:25,HiroMediaAdapter
FN:95,addBidResponse
FN:123,checkChance
FN:135,handleResponse
FN:137,(anonymous_6)
FN:139,(anonymous_7)
FN:158,(anonymous_8)
FN:176,getBrowser
FN:200,(anonymous_10)
FN:231,getDomain
FN:247,parseInt10
FN:265,isValueInRange
FN:290,isSizeInRange
FN:305,normalizeSizes
FN:306,(anonymous_16)
FN:321,defaultParams
FN:338,getBatchKey
FN:360,processBids
FN:368,(anonymous_20)
FN:373,(anonymous_21)
FN:407,sendBidRequest
FN:417,(anonymous_23)
FN:434,_callBids
FN:456,(anonymous_25)
FNF:25
FNH:24
FNDA:0,(anonymous_1)
FNDA:27,HiroMediaAdapter
FNDA:8,addBidResponse
FNDA:2,checkChance
FNDA:3,handleResponse
FNDA:4,(anonymous_6)
FNDA:4,(anonymous_7)
FNDA:5,(anonymous_8)
FNDA:17,getBrowser
FNDA:51,(anonymous_10)
FNDA:17,getDomain
FNDA:96,parseInt10
FNDA:32,isValueInRange
FNDA:18,isSizeInRange
FNDA:32,normalizeSizes
FNDA:36,(anonymous_16)
FNDA:16,defaultParams
FNDA:12,getBatchKey
FNDA:16,processBids
FNDA:16,(anonymous_20)
FNDA:18,(anonymous_21)
FNDA:10,sendBidRequest
FNDA:100,(anonymous_23)
FNDA:17,_callBids
FNDA:16,(anonymous_25)
DA:3,8
DA:19,8
DA:20,8
DA:21,8
DA:22,8
DA:23,8
DA:25,8
DA:37,27
DA:46,27
DA:55,27
DA:64,27
DA:80,27
DA:95,1
DA:97,8
DA:98,8
DA:99,8
DA:101,8
DA:103,8
DA:104,3
DA:105,3
DA:106,3
DA:107,3
DA:110,8
DA:111,8
DA:123,1
DA:124,2
DA:135,1
DA:137,3
DA:138,4
DA:143,4
DA:144,3
DA:146,1
DA:158,27
DA:160,5
DA:161,3
DA:176,1
DA:178,17
DA:179,17
DA:197,17
DA:198,17
DA:200,17
DA:202,51
DA:203,51
DA:204,51
DA:205,51
DA:207,51
DA:208,17
DA:209,17
DA:210,17
DA:211,17
DA:213,17
DA:217,17
DA:231,1
DA:233,17
DA:234,17
DA:235,17
DA:247,1
DA:248,96
DA:265,1
DA:267,32
DA:268,32
DA:269,32
DA:271,32
DA:290,1
DA:291,18
DA:305,1
DA:306,32
DA:307,36
DA:321,1
DA:322,16
DA:338,1
DA:340,12
DA:341,12
DA:343,12
DA:360,1
DA:362,16
DA:364,16
DA:366,15
DA:368,15
DA:370,16
DA:371,16
DA:372,16
DA:373,16
DA:374,18
DA:376,16
DA:377,16
DA:378,16
DA:385,16
DA:386,12
DA:389,16
DA:393,16
DA:407,1
DA:409,10
DA:411,10
DA:412,1
DA:414,9
DA:417,10
DA:418,100
DA:422,10
DA:424,10
DA:434,1
DA:436,17
DA:437,17
DA:438,17
DA:440,17
DA:442,17
DA:445,16
DA:449,1
DA:452,17
DA:456,14
DA:458,16
DA:459,16
DA:460,16
DA:462,16
DA:464,16
DA:466,12
DA:468,12
DA:470,10
DA:472,10
DA:488,4
DA:494,27
DA:543,8
LF:122
LH:122
BRDA:3,1,0,8
BRDA:3,1,1,0
BRDA:3,2,0,0
BRDA:3,2,1,0
BRDA:98,3,0,3
BRDA:98,3,1,5
BRDA:103,4,0,3
BRDA:103,4,1,5
BRDA:143,5,0,3
BRDA:143,5,1,1
BRDA:143,6,0,4
BRDA:143,6,1,2
BRDA:160,7,0,3
BRDA:160,7,1,2
BRDA:160,8,0,5
BRDA:160,8,1,4
BRDA:202,9,0,51
BRDA:202,9,1,34
BRDA:204,10,0,51
BRDA:204,10,1,51
BRDA:207,11,0,17
BRDA:207,11,1,34
BRDA:210,12,0,17
BRDA:210,12,1,0
BRDA:211,13,0,17
BRDA:211,13,1,17
BRDA:271,14,0,32
BRDA:271,14,1,29
BRDA:291,15,0,18
BRDA:291,15,1,14
BRDA:364,16,0,15
BRDA:364,16,1,1
BRDA:377,17,0,16
BRDA:377,17,1,15
BRDA:385,18,0,12
BRDA:385,18,1,4
BRDA:409,19,0,10
BRDA:409,19,1,0
BRDA:411,20,0,1
BRDA:411,20,1,9
BRDA:442,21,0,16
BRDA:442,21,1,1
BRDA:452,22,0,14
BRDA:452,22,1,3
BRDA:464,23,0,12
BRDA:464,23,1,4
BRDA:468,24,0,10
BRDA:468,24,1,2
BRF:48
BRH:43
end_of_record
TN:
SF:/Volumes/Data/Projects/VCCorp/Prebid.js/src/adapters/indexExchange.js
FN:3,(anonymous_1)
FN:3,(anonymous_2)
FN:31,(anonymous_3)
FN:119,(anonymous_4)
FN:133,(anonymous_5)
FN:149,getIndexDebugMode
FN:153,getParameterByName
FN:175,cygnus_index_start
FN:188,escapeCharacter
FN:197,quote
FN:206,OpenRTBRequest
FN:246,(anonymous_12)
FN:287,(anonymous_13)
FN:296,(anonymous_14)
FN:343,(anonymous_15)
FN:404,IndexExchangeAdapter
FN:413,_callBids
FN:548,(anonymous_18)
FN:631,mergeSlotInto
FN:641,getSlotObj
FN:644,(anonymous_21)
FN:653,logErrorBidResponse
FNF:22
FNH:16
FNDA:270,(anonymous_1)
FNDA:0,(anonymous_2)
FNDA:30,(anonymous_3)
FNDA:0,(anonymous_4)
FNDA:0,(anonymous_5)
FNDA:111,getIndexDebugMode
FNDA:111,getParameterByName
FNDA:131,cygnus_index_start
FNDA:0,escapeCharacter
FNDA:518,quote
FNDA:114,OpenRTBRequest
FNDA:111,(anonymous_12)
FNDA:0,(anonymous_13)
FNDA:300,(anonymous_14)
FNDA:114,(anonymous_15)
FNDA:133,IndexExchangeAdapter
FNDA:133,_callBids
FNDA:30,(anonymous_18)
FNDA:301,mergeSlotInto
FNDA:456,getSlotObj
FNDA:8120,(anonymous_21)
FNDA:0,logErrorBidResponse
DA:3,270
DA:7,10
DA:8,10
DA:9,10
DA:10,10
DA:12,10
DA:13,10
DA:15,10
DA:28,10
DA:29,10
DA:31,10
DA:32,30
DA:33,30
DA:34,30
DA:35,0
DA:37,30
DA:38,30
DA:39,30
DA:40,30
DA:41,2
DA:43,30
DA:44,0
DA:48,30
DA:49,30
DA:50,30
DA:51,30
DA:53,30
DA:54,30
DA:55,30
DA:56,50
DA:57,50
DA:58,50
DA:59,0
DA:61,50
DA:62,0
DA:64,50
DA:65,50
DA:66,50
DA:67,50
DA:68,50
DA:69,11
DA:70,11
DA:72,0
DA:74,11
DA:75,11
DA:77,39
DA:78,39
DA:79,39
DA:81,50
DA:82,50
DA:84,0
DA:86,50
DA:87,50
DA:89,0
DA:91,50
DA:92,50
DA:93,50
DA:94,11
DA:96,50
DA:97,50
DA:98,50
DA:99,50
DA:100,50
DA:101,50
DA:104,30
DA:105,2
DA:106,1
DA:108,1
DA:114,30
DA:115,30
DA:119,10
DA:120,0
DA:121,0
DA:122,0
DA:123,0
DA:125,0
DA:126,0
DA:127,0
DA:128,0
DA:133,10
DA:134,0
DA:135,0
DA:136,0
DA:137,0
DA:138,0
DA:139,0
DA:140,0
DA:145,10
DA:147,10
DA:149,10
DA:150,111
DA:153,10
DA:154,111
DA:155,111
DA:156,111
DA:157,222
DA:158,111
DA:160,111
DA:161,111
DA:163,111
DA:165,111
DA:166,111
DA:167,111
DA:168,111
DA:169,111
DA:170,111
DA:172,0
DA:175,10
DA:176,131
DA:177,131
DA:178,131
DA:188,1
DA:189,0
DA:190,0
DA:191,0
DA:193,0
DA:197,1
DA:198,518
DA:199,518
DA:200,0
DA:202,518
DA:206,1
DA:207,114
DA:208,114
DA:209,0
DA:212,114
DA:213,114
DA:214,9
DA:217,114
DA:218,114
DA:219,114
DA:220,114
DA:221,0
DA:222,0
DA:224,114
DA:225,114
DA:228,114
DA:229,114
DA:230,114
DA:232,0
DA:236,114
DA:237,108
DA:239,6
DA:242,114
DA:243,114
DA:246,131
DA:247,111
DA:248,111
DA:249,111
DA:252,111
DA:253,111
DA:254,296
DA:255,296
DA:256,296
DA:257,296
DA:258,0
DA:259,0
DA:260,0
DA:264,296
DA:265,296
DA:268,296
DA:269,296
DA:272,296
DA:273,296
DA:276,296
DA:277,111
DA:279,185
DA:283,111
DA:284,111
DA:287,131
DA:288,0
DA:289,0
DA:290,0
DA:292,0
DA:296,131
DA:297,300
DA:300,300
DA:301,0
DA:304,300
DA:305,0
DA:308,300
DA:309,300
DA:312,300
DA:313,300
DA:314,300
DA:315,0
DA:318,300
DA:319,0
DA:320,0
DA:323,0
DA:324,0
DA:325,0
DA:328,0
DA:331,300
DA:332,300
DA:333,296
DA:335,4
DA:339,296
DA:340,296
DA:343,131
DA:344,114
DA:345,3
DA:348,111
DA:350,111
DA:351,111
DA:352,0
DA:353,0
DA:354,0
DA:356,111
DA:358,111
DA:359,111
DA:360,111
DA:361,9
DA:364,111
DA:367,131
DA:368,131
DA:369,17
DA:372,114
DA:373,114
DA:374,0
DA:377,114
DA:378,114
DA:379,114
DA:381,114
DA:382,300
DA:384,300
DA:385,300
DA:386,296
DA:390,114
DA:391,0
DA:394,114
DA:395,2
DA:398,114
DA:400,0
DA:404,10
DA:405,133
DA:406,133
DA:411,133
DA:413,1
DA:414,133
DA:416,133
DA:417,0
DA:418,0
DA:419,0
DA:422,133
DA:424,133
DA:425,2
DA:429,131
DA:431,131
DA:434,131
DA:435,257
DA:436,257
DA:438,257
DA:441,257
DA:442,4
DA:446,257
DA:447,342
DA:448,342
DA:449,1536
DA:450,308
DA:451,308
DA:452,308
DA:453,308
DA:457,342
DA:458,34
DA:459,34
DA:462,308
DA:464,308
DA:465,15
DA:466,6
DA:469,299
DA:470,10
DA:473,299
DA:474,299
DA:475,7
DA:476,7
DA:478,292
DA:479,108
DA:482,292
DA:483,292
DA:484,292
DA:485,292
DA:486,3
DA:487,3
DA:490,289
DA:491,289
DA:496,289
DA:497,289
DA:500,289
DA:507,289
DA:508,8
DA:509,8
DA:510,2
DA:513,6
DA:521,287
DA:522,8
DA:523,8
DA:524,2
DA:527,6
DA:538,131
DA:539,2
DA:543,131
DA:545,131
DA:548,131
DA:549,30
DA:550,4
DA:552,26
DA:554,26
DA:555,26
DA:556,26
DA:559,26
DA:560,60
DA:561,60
DA:563,60
DA:566,60
DA:567,456
DA:569,456
DA:570,0
DA:571,0
DA:573,456
DA:574,456
DA:575,456
DA:577,456
DA:579,456
DA:580,50
DA:581,50
DA:582,50
DA:583,50
DA:584,50
DA:585,50
DA:586,50
DA:587,50
DA:588,11
DA:589,11
DA:590,11
DA:592,39
DA:593,39
DA:595,50
DA:599,60
DA:601,60
DA:603,50
DA:604,50
DA:608,10
DA:609,10
DA:610,10
DA:611,10
DA:615,0
DA:616,0
DA:619,26
DA:624,26
DA:631,1
DA:632,301
DA:633,1688
DA:634,1
DA:637,300
DA:638,300
DA:641,1
DA:642,456
DA:643,456
DA:644,456
DA:645,8120
DA:646,456
DA:650,456
DA:653,1
DA:655,0
DA:656,0
DA:659,0
DA:662,133
DA:667,10
LF:369
LH:305
BRDA:3,1,0,10
BRDA:3,1,1,0
BRDA:3,2,0,10
BRDA:3,2,1,10
BRDA:3,3,0,0
BRDA:3,3,1,0
BRDA:3,4,0,0
BRDA:3,4,1,0
BRDA:3,4,2,0
BRDA:3,4,3,0
BRDA:33,5,0,30
BRDA:33,5,1,0
BRDA:34,6,0,0
BRDA:34,6,1,30
BRDA:34,7,0,30
BRDA:34,7,1,30
BRDA:34,7,2,30
BRDA:34,8,0,0
BRDA:34,8,1,30
BRDA:39,9,0,30
BRDA:39,9,1,0
BRDA:39,10,0,30
BRDA:39,10,1,30
BRDA:40,11,0,2
BRDA:40,11,1,28
BRDA:43,12,0,0
BRDA:43,12,1,30
BRDA:54,13,0,5
BRDA:54,13,1,25
BRDA:58,14,0,0
BRDA:58,14,1,50
BRDA:58,15,0,50
BRDA:58,15,1,50
BRDA:61,16,0,0
BRDA:61,16,1,50
BRDA:68,17,0,11
BRDA:68,17,1,39
BRDA:69,18,0,11
BRDA:69,18,1,0
BRDA:81,19,0,50
BRDA:81,19,1,0
BRDA:86,20,0,50
BRDA:86,20,1,0
BRDA:93,21,0,11
BRDA:93,21,1,39
BRDA:104,22,0,2
BRDA:104,22,1,28
BRDA:105,23,0,1
BRDA:105,23,1,1
BRDA:114,24,0,30
BRDA:114,24,1,0
BRDA:122,25,0,0
BRDA:122,25,1,0
BRDA:125,26,0,0
BRDA:125,26,1,0
BRDA:138,27,0,0
BRDA:138,27,1,0
BRDA:157,28,0,111
BRDA:157,28,1,111
BRDA:165,29,0,0
BRDA:165,29,1,111
BRDA:169,30,0,111
BRDA:169,30,1,0
BRDA:190,31,0,0
BRDA:190,31,1,0
BRDA:199,32,0,0
BRDA:199,32,1,518
BRDA:208,33,0,0
BRDA:208,33,1,114
BRDA:208,34,0,114
BRDA:208,34,1,114
BRDA:208,34,2,114
BRDA:213,35,0,9
BRDA:213,35,1,105
BRDA:213,36,0,114
BRDA:213,36,1,114
BRDA:213,36,2,10
BRDA:220,37,0,0
BRDA:220,37,1,114
BRDA:228,38,0,114
BRDA:228,38,1,0
BRDA:229,39,0,114
BRDA:229,39,1,0
BRDA:236,40,0,108
BRDA:236,40,1,6
BRDA:248,41,0,111
BRDA:248,41,1,0
BRDA:248,42,0,111
BRDA:248,42,1,111
BRDA:257,43,0,0
BRDA:257,43,1,296
BRDA:259,44,0,0
BRDA:259,44,1,0
BRDA:264,45,0,296
BRDA:264,45,1,0
BRDA:264,46,0,296
BRDA:264,46,1,296
BRDA:268,47,0,296
BRDA:268,47,1,0
BRDA:272,48,0,296
BRDA:272,48,1,0
BRDA:276,49,0,111
BRDA:276,49,1,185
BRDA:288,50,0,0
BRDA:288,50,1,0
BRDA:288,51,0,0
BRDA:288,51,1,0
BRDA:300,52,0,0
BRDA:300,52,1,300
BRDA:300,53,0,300
BRDA:300,53,1,300
BRDA:304,54,0,0
BRDA:304,54,1,300
BRDA:304,55,0,300
BRDA:304,55,1,300
BRDA:308,56,0,300
BRDA:308,56,1,0
BRDA:308,57,0,300
BRDA:308,57,1,0
BRDA:308,57,2,300
BRDA:314,58,0,0
BRDA:314,58,1,300
BRDA:314,59,0,300
BRDA:314,59,1,0
BRDA:318,60,0,0
BRDA:318,60,1,300
BRDA:319,61,0,0
BRDA:319,61,1,0
BRDA:324,62,0,0
BRDA:324,62,1,0
BRDA:324,63,0,0
BRDA:324,63,1,0
BRDA:331,64,0,300
BRDA:331,64,1,0
BRDA:332,65,0,296
BRDA:332,65,1,4
BRDA:332,66,0,300
BRDA:332,66,1,300
BRDA:332,66,2,298
BRDA:344,67,0,3
BRDA:344,67,1,111
BRDA:344,68,0,114
BRDA:344,68,1,111
BRDA:351,69,0,0
BRDA:351,69,1,111
BRDA:353,70,0,0
BRDA:353,70,1,0
BRDA:356,71,0,0
BRDA:356,71,1,111
BRDA:360,72,0,9
BRDA:360,72,1,102
BRDA:360,73,0,111
BRDA:360,73,1,9
BRDA:360,73,2,9
BRDA:368,74,0,17
BRDA:368,74,1,114
BRDA:368,75,0,131
BRDA:368,75,1,131
BRDA:368,75,2,114
BRDA:373,76,0,0
BRDA:373,76,1,114
BRDA:373,77,0,114
BRDA:373,77,1,0
BRDA:385,78,0,296
BRDA:385,78,1,4
BRDA:390,79,0,0
BRDA:390,79,1,114
BRDA:394,80,0,2
BRDA:394,80,1,112
BRDA:416,81,0,0
BRDA:416,81,1,133
BRDA:424,82,0,2
BRDA:424,82,1,131
BRDA:441,83,0,4
BRDA:441,83,1,253
BRDA:449,84,0,308
BRDA:449,84,1,1228
BRDA:449,85,0,1536
BRDA:449,85,1,385
BRDA:457,86,0,34
BRDA:457,86,1,308
BRDA:464,87,0,15
BRDA:464,87,1,293
BRDA:464,88,0,308
BRDA:464,88,1,15
BRDA:465,89,0,9
BRDA:465,89,1,6
BRDA:465,90,0,15
BRDA:465,90,1,7
BRDA:469,91,0,10
BRDA:469,91,1,289
BRDA:469,92,0,299
BRDA:469,92,1,21
BRDA:474,93,0,7
BRDA:474,93,1,292
BRDA:474,94,0,299
BRDA:474,94,1,299
BRDA:474,94,2,294
BRDA:478,95,0,108
BRDA:478,95,1,184
BRDA:478,96,0,292
BRDA:478,96,1,292
BRDA:482,97,0,292
BRDA:482,97,1,0
BRDA:485,98,0,3
BRDA:485,98,1,289
BRDA:485,99,0,292
BRDA:485,99,1,12
BRDA:496,100,0,6
BRDA:496,100,1,283
BRDA:504,101,0,289
BRDA:504,101,1,0
BRDA:507,102,0,8
BRDA:507,102,1,281
BRDA:509,103,0,2
BRDA:509,103,1,6
BRDA:509,104,0,8
BRDA:509,104,1,8
BRDA:521,105,0,8
BRDA:521,105,1,279
BRDA:523,106,0,2
BRDA:523,106,1,6
BRDA:523,107,0,8
BRDA:523,107,1,8
BRDA:538,108,0,2
BRDA:538,108,1,129
BRDA:549,109,0,4
BRDA:549,109,1,26
BRDA:569,110,0,0
BRDA:569,110,1,456
BRDA:573,111,0,456
BRDA:573,111,1,456
BRDA:579,112,0,50
BRDA:579,112,1,406
BRDA:587,113,0,11
BRDA:587,113,1,39
BRDA:587,114,0,50
BRDA:587,114,1,50
BRDA:587,114,2,50
BRDA:588,115,0,9
BRDA:588,115,1,2
BRDA:592,116,0,35
BRDA:592,116,1,4
BRDA:601,117,0,50
BRDA:601,117,1,10
BRDA:633,118,0,1
BRDA:633,118,1,1687
BRDA:645,119,0,456
BRDA:645,119,1,7664
BRF:249
BRH:180
end_of_record
TN:
SF:/Volumes/Data/Projects/VCCorp/Prebid.js/src/adapters/jcm.js
FN:8,JCMAdapter
FN:11,(anonymous_2)
FN:37,_callBids
FNF:3
FNH:3
FNDA:11,JCMAdapter
FNDA:1,(anonymous_2)
FNDA:4,_callBids
DA:3,8
DA:4,8
DA:5,8
DA:6,8
DA:8,8
DA:10,11
DA:11,11
DA:12,1
DA:13,1
DA:14,1
DA:15,1
DA:16,1
DA:17,2
DA:18,2
DA:19,2
DA:20,1
DA:21,1
DA:22,1
DA:23,1
DA:24,1
DA:25,1
DA:26,1
DA:28,1
DA:29,1
DA:30,1
DA:37,1
DA:39,4
DA:43,4
DA:45,6
DA:46,6
DA:47,6
DA:48,7
DA:49,7
DA:50,1
DA:54,6
DA:61,4
DA:62,4
DA:63,4
DA:66,11
DA:71,8
LF:40
LH:40
BRDA:10,1,0,11
BRDA:10,1,1,0
BRDA:12,2,0,1
BRDA:12,2,1,0
BRDA:14,3,0,1
BRDA:14,3,1,0
BRDA:19,4,0,1
BRDA:19,4,1,1
BRDA:49,5,0,1
BRDA:49,5,1,6
BRF:10
BRH:7
end_of_record
TN:
SF:/Volumes/Data/Projects/VCCorp/Prebid.js/src/adapters/komoona.js
FN:23,_interopRequireWildcard
FN:25,_interopRequireDefault
FN:27,_toConsumableArray
FN:31,KomoonaAdapter
FN:37,(anonymous_5)
FN:39,(anonymous_6)
FN:41,(anonymous_7)
FN:65,handleResponse
FN:82,(anonymous_9)
FN:84,(anonymous_10)
FN:91,(anonymous_11)
FN:108,valid
FN:117,createBid
FN:139,(anonymous_14)
FNF:14
FNH:14
FNDA:8,_interopRequireWildcard
FNDA:24,_interopRequireDefault
FNDA:4,_toConsumableArray
FNDA:14,KomoonaAdapter
FNDA:7,(anonymous_5)
FNDA:6,(anonymous_6)
FNDA:4,(anonymous_7)
FNDA:3,handleResponse
FNDA:1,(anonymous_9)
FNDA:1,(anonymous_10)
FNDA:2,(anonymous_11)
FNDA:6,valid
FNDA:3,createBid
FNDA:7,(anonymous_14)
DA:3,8
DA:5,8
DA:7,8
DA:9,8
DA:11,8
DA:13,8
DA:15,8
DA:17,8
DA:19,8
DA:21,8
DA:23,8
DA:25,24
DA:27,4
DA:29,8
DA:31,1
DA:33,14
DA:34,14
DA:37,14
DA:38,7
DA:39,7
DA:40,6
DA:43,4
DA:45,4
DA:46,4
DA:47,4
DA:48,4
DA:49,4
DA:51,4
DA:54,7
DA:55,4
DA:57,4
DA:65,1
DA:66,3
DA:68,3
DA:69,3
DA:71,1
DA:74,3
DA:75,1
DA:76,1
DA:77,0
DA:79,1
DA:82,1
DA:83,1
DA:85,1
DA:88,1
DA:91,2
DA:92,2
DA:93,2
DA:94,1
DA:96,1
DA:99,2
DA:100,2
DA:101,2
DA:103,2
DA:108,1
DA:109,6
DA:110,4
DA:112,2
DA:117,1
DA:118,3
DA:119,3
DA:120,3
DA:122,3
DA:123,1
DA:124,1
DA:125,1
DA:126,1
DA:129,3
DA:132,14
DA:139,8
DA:140,7
DA:143,8
LF:72
LH:71
BRDA:23,1,0,8
BRDA:23,1,1,0
BRDA:23,2,0,8
BRDA:23,2,1,8
BRDA:23,3,0,0
BRDA:23,3,1,0
BRDA:23,4,0,0
BRDA:23,4,1,0
BRDA:25,5,0,0
BRDA:25,5,1,24
BRDA:25,6,0,24
BRDA:25,6,1,24
BRDA:27,7,0,4
BRDA:27,7,1,0
BRDA:38,8,0,7
BRDA:38,8,1,1
BRDA:54,9,0,4
BRDA:54,9,1,3
BRDA:74,10,0,1
BRDA:74,10,1,2
BRDA:74,11,0,3
BRDA:74,11,1,2
BRDA:76,12,0,0
BRDA:76,12,1,1
BRDA:76,13,0,1
BRDA:76,13,1,0
BRDA:93,14,0,1
BRDA:93,14,1,1
BRDA:93,15,0,2
BRDA:93,15,1,1
BRDA:109,16,0,4
BRDA:109,16,1,2
BRDA:109,17,0,6
BRDA:109,17,1,4
BRDA:122,18,0,1
BRDA:122,18,1,2
BRF:36
BRH:27
end_of_record
TN:
SF:/Volumes/Data/Projects/VCCorp/Prebid.js/src/adapters/lifestreet.js
FN:8,LifestreetAdapter
FN:15,_callBids
FN:16,(anonymous_3)
FN:54,_callJSTag
FN:55,(anonymous_5)
FN:62,_onload
FN:88,(anonymous_7)
FN:110,_addSlotBidResponse
FN:123,_constructLSMAd
FNF:9
FNH:8
FNDA:24,LifestreetAdapter
FNDA:16,_callBids
FNDA:15,(anonymous_3)
FNDA:9,_callJSTag
FNDA:9,(anonymous_5)
FNDA:3,_onload
FNDA:0,(anonymous_7)
FNDA:10,_addSlotBidResponse
FNDA:1,_constructLSMAd
DA:3,8
DA:4,8
DA:5,8
DA:6,8
DA:8,8
DA:9,24
DA:10,24
DA:11,24
DA:12,24
DA:13,24
DA:15,1
DA:16,16
DA:17,15
DA:18,15
DA:19,15
DA:20,15
DA:21,15
DA:22,15
DA:23,14
DA:25,15
DA:26,15
DA:27,11
DA:28,11
DA:29,22
DA:31,11
DA:32,11
DA:33,11
DA:34,14
DA:35,14
DA:36,13
DA:37,9
DA:38,9
DA:43,0
DA:46,15
DA:47,9
DA:49,6
DA:54,1
DA:55,9
DA:57,9
DA:58,7
DA:63,3
DA:64,2
DA:65,2
DA:66,2
DA:67,1
DA:68,1
DA:69,1
DA:71,1
DA:74,1
DA:78,7
DA:79,35
DA:80,14
DA:82,21
DA:83,21
DA:87,7
DA:88,7
DA:89,0
DA:90,0
DA:91,0
DA:92,0
DA:94,0
DA:96,0
DA:97,0
DA:101,0
DA:105,2
DA:110,1
DA:111,10
DA:112,10
DA:113,10
DA:114,10
DA:115,1
DA:116,1
DA:117,1
DA:118,1
DA:120,10
DA:123,1
DA:124,1
DA:125,1
DA:127,0
DA:130,24
DA:135,8
LF:81
LH:71
BRDA:22,1,0,14
BRDA:22,1,1,1
BRDA:26,2,0,11
BRDA:26,2,1,4
BRDA:26,3,0,15
BRDA:26,3,1,14
BRDA:26,3,2,14
BRDA:26,3,3,13
BRDA:26,3,4,13
BRDA:26,3,5,12
BRDA:26,3,6,12
BRDA:26,3,7,11
BRDA:31,4,0,11
BRDA:31,4,1,0
BRDA:31,5,0,11
BRDA:31,5,1,11
BRDA:31,5,2,11
BRDA:31,5,3,11
BRDA:32,6,0,2
BRDA:32,6,1,9
BRDA:35,7,0,13
BRDA:35,7,1,1
BRDA:36,8,0,9
BRDA:36,8,1,4
BRDA:36,9,0,13
BRDA:36,9,1,9
BRDA:46,10,0,9
BRDA:46,10,1,6
BRDA:57,11,0,7
BRDA:57,11,1,2
BRDA:57,12,0,9
BRDA:57,12,1,7
BRDA:63,13,0,2
BRDA:63,13,1,1
BRDA:66,14,0,1
BRDA:66,14,1,1
BRDA:66,15,0,2
BRDA:66,15,1,1
BRDA:79,16,0,14
BRDA:79,16,1,21
BRDA:79,17,0,35
BRDA:79,17,1,28
BRDA:82,18,0,21
BRDA:82,18,1,0
BRDA:89,19,0,0
BRDA:89,19,1,0
BRDA:96,20,0,0
BRDA:96,20,1,0
BRDA:96,21,0,0
BRDA:96,21,1,0
BRDA:96,21,2,0
BRDA:111,22,0,10
BRDA:111,22,1,1
BRDA:111,22,2,1
BRDA:112,23,0,1
BRDA:112,23,1,9
BRDA:114,24,0,1
BRDA:114,24,1,9
BRDA:124,25,0,1
BRDA:124,25,1,0
BRDA:124,26,0,1
BRDA:124,26,1,1
BRF:62
BRH:52
end_of_record
TN:
SF:/Volumes/Data/Projects/VCCorp/Prebid.js/src/adapters/mantis.js
FN:3,(anonymous_1)
FN:3,(anonymous_2)
FN:10,(anonymous_3)
FN:11,inIframe
FN:19,isDesktop
FN:20,scope
FN:36,isSendable
FN:52,isObject
FN:56,isAmp
FN:60,isSecure
FN:64,isArray
FN:68,jsonp
FN:78,jsonToQuery
FN:115,buildMantisUrl
FN:161,(anonymous_15)
FN:170,Prebid
FN:172,callBids
FN:175,(anonymous_18)
FN:184,(anonymous_19)
FN:185,(anonymous_20)
FN:206,(anonymous_21)
FN:209,(anonymous_22)
FNF:22
FNH:21
FNDA:11,(anonymous_1)
FNDA:0,(anonymous_2)
FNDA:12,(anonymous_3)
FNDA:11,inIframe
FNDA:1,isDesktop
FNDA:1,scope
FNDA:85,isSendable
FNDA:110,isObject
FNDA:11,isAmp
FNDA:5,isSecure
FNDA:100,isArray
FNDA:5,jsonp
FNDA:30,jsonToQuery
FNDA:5,buildMantisUrl
FNDA:20,(anonymous_15)
FNDA:12,Prebid
FNDA:5,callBids
FNDA:5,(anonymous_18)
FNDA:1,(anonymous_19)
FNDA:2,(anonymous_20)
FNDA:10,(anonymous_21)
FNDA:15,(anonymous_22)
DA:3,11
DA:5,8
DA:6,8
DA:7,8
DA:8,8
DA:10,8
DA:11,1
DA:12,11
DA:13,11
DA:15,0
DA:19,1
DA:20,1
DA:21,1
DA:22,1
DA:24,1
DA:27,1
DA:28,0
DA:29,0
DA:33,1
DA:36,1
DA:37,85
DA:38,0
DA:41,85
DA:42,31
DA:45,54
DA:46,45
DA:49,9
DA:52,1
DA:53,110
DA:56,1
DA:57,11
DA:60,1
DA:61,5
DA:64,1
DA:65,100
DA:68,1
DA:69,5
DA:70,1
DA:73,5
DA:75,5
DA:78,1
DA:79,30
DA:80,0
DA:83,30
DA:85,30
DA:86,100
DA:88,100
DA:89,50
DA:92,100
DA:94,100
DA:95,15
DA:96,25
DA:97,25
DA:99,25
DA:100,25
DA:101,0
DA:102,0
DA:105,85
DA:106,0
DA:107,85
DA:108,84
DA:112,30
DA:115,1
DA:116,5
DA:123,5
DA:124,2
DA:127,5
DA:128,1
DA:129,4
DA:130,4
DA:132,4
DA:133,0
DA:137,5
DA:138,1
DA:139,1
DA:140,1
DA:141,1
DA:144,4
DA:147,5
DA:148,1
DA:149,0
DA:152,1
DA:153,1
DA:156,1
DA:157,0
DA:161,5
DA:162,20
DA:165,5
DA:167,5
DA:170,12
DA:171,12
DA:173,5
DA:175,5
DA:176,5
DA:177,5
DA:179,5
DA:183,5
DA:185,1
DA:186,2
DA:188,2
DA:190,2
DA:191,1
DA:192,1
DA:193,1
DA:194,1
DA:195,1
DA:196,1
DA:198,1
DA:199,1
DA:202,2
DA:207,10
DA:210,15
DA:217,5
DA:222,12
LF:114
LH:103
BRDA:3,1,0,8
BRDA:3,1,1,0
BRDA:3,2,0,8
BRDA:3,2,1,8
BRDA:3,3,0,0
BRDA:3,3,1,0
BRDA:3,4,0,0
BRDA:3,4,1,0
BRDA:3,4,2,0
BRDA:3,4,3,0
BRDA:13,5,0,11
BRDA:13,5,1,11
BRDA:21,6,0,1
BRDA:21,6,1,0
BRDA:21,6,2,0
BRDA:22,7,0,1
BRDA:22,7,1,0
BRDA:22,7,2,0
BRDA:24,8,0,1
BRDA:24,8,1,1
BRDA:24,8,2,1
BRDA:24,9,0,1
BRDA:24,9,1,0
BRDA:27,10,0,0
BRDA:27,10,1,1
BRDA:37,11,0,0
BRDA:37,11,1,85
BRDA:37,12,0,85
BRDA:37,12,1,85
BRDA:41,13,0,31
BRDA:41,13,1,54
BRDA:42,14,0,31
BRDA:42,14,1,30
BRDA:45,15,0,45
BRDA:45,15,1,9
BRDA:57,16,0,11
BRDA:57,16,1,3
BRDA:57,16,2,0
BRDA:69,17,0,1
BRDA:69,17,1,4
BRDA:79,18,0,0
BRDA:79,18,1,30
BRDA:83,19,0,30
BRDA:83,19,1,5
BRDA:88,20,0,50
BRDA:88,20,1,50
BRDA:94,21,0,15
BRDA:94,21,1,85
BRDA:99,22,0,25
BRDA:99,22,1,0
BRDA:101,23,0,0
BRDA:101,23,1,0
BRDA:105,24,0,0
BRDA:105,24,1,85
BRDA:107,25,0,84
BRDA:107,25,1,1
BRDA:123,26,0,2
BRDA:123,26,1,3
BRDA:123,27,0,5
BRDA:123,27,1,4
BRDA:124,28,0,0
BRDA:124,28,1,2
BRDA:124,29,0,2
BRDA:124,29,1,1
BRDA:127,30,0,1
BRDA:127,30,1,4
BRDA:129,31,0,4
BRDA:129,31,1,0
BRDA:132,32,0,0
BRDA:132,32,1,4
BRDA:137,33,0,1
BRDA:137,33,1,4
BRDA:147,34,0,1
BRDA:147,34,1,4
BRDA:148,35,0,0
BRDA:148,35,1,1
BRDA:148,36,0,1
BRDA:148,36,1,1
BRDA:152,37,0,1
BRDA:152,37,1,0
BRDA:152,38,0,1
BRDA:152,38,1,1
BRDA:156,39,0,0
BRDA:156,39,1,1
BRDA:156,40,0,1
BRDA:156,40,1,0
BRDA:161,41,0,5
BRDA:161,41,1,0
BRDA:167,42,0,5
BRDA:167,42,1,0
BRDA:167,43,0,5
BRDA:167,43,1,5
BRDA:176,44,0,5
BRDA:176,44,1,0
BRDA:190,45,0,1
BRDA:190,45,1,1
BRF:96
BRH:66
end_of_record
TN:
SF:/Volumes/Data/Projects/VCCorp/Prebid.js/src/adapters/memeglobal.js
FN:15,MemeGlobalAdapter
FN:18,_callBids
FN:31,_requestBid
FN:76,getBidSetForBidder
FN:77,(anonymous_5)
FN:83,(anonymous_6)
FN:90,(anonymous_7)
FN:95,(anonymous_8)
FNF:8
FNH:8
FNDA:11,MemeGlobalAdapter
FNDA:2,_callBids
FNDA:1,_requestBid
FNDA:1,getBidSetForBidder
FNDA:23,(anonymous_5)
FNDA:2,(anonymous_6)
FNDA:1,(anonymous_7)
FNDA:2,(anonymous_8)
DA:3,8
DA:4,8
DA:5,8
DA:6,8
DA:7,8
DA:9,8
DA:10,8
DA:15,8
DA:16,11
DA:18,1
DA:19,2
DA:21,2
DA:24,1
DA:26,1
DA:27,1
DA:31,1
DA:33,1
DA:34,1
DA:36,1
DA:37,1
DA:38,1
DA:39,1
DA:41,1
DA:42,1
DA:43,1
DA:44,0
DA:45,0
DA:47,1
DA:48,1
DA:52,1
DA:72,1
DA:73,1
DA:76,1
DA:77,1
DA:78,23
DA:83,11
DA:86,2
DA:87,1
DA:90,1
DA:91,1
DA:92,1
DA:94,1
DA:95,1
DA:96,2
DA:98,1
DA:99,1
DA:100,1
DA:101,1
DA:102,1
DA:103,1
DA:104,0
DA:105,0
DA:106,0
DA:107,0
DA:109,1
DA:110,1
DA:111,1
DA:112,1
DA:113,1
DA:114,1
DA:115,1
DA:116,1
DA:117,1
DA:118,1
DA:119,1
DA:124,11
DA:129,8
LF:67
LH:61
BRDA:21,1,0,1
BRDA:21,1,1,1
BRDA:41,2,0,0
BRDA:41,2,1,1
BRDA:43,3,0,0
BRDA:43,3,1,1
BRDA:43,4,0,1
BRDA:43,4,1,0
BRDA:43,4,2,0
BRDA:86,5,0,1
BRDA:86,5,1,1
BRDA:86,6,0,2
BRDA:86,6,1,2
BRDA:86,6,2,2
BRDA:86,6,3,2
BRDA:86,6,4,1
BRDA:86,6,5,1
BRDA:98,7,0,1
BRDA:98,7,1,0
BRDA:103,8,0,0
BRDA:103,8,1,1
BRF:21
BRH:15
end_of_record
TN:
SF:/Volumes/Data/Projects/VCCorp/Prebid.js/src/adapters/openx.js
FN:9,OpenxAdapter
FN:16,(anonymous_2)
FN:26,(anonymous_3)
FN:64,getViewportDimensions
FN:93,makePDCall
FN:114,addBidResponse
FN:134,buildQueryStringFromParams
FN:142,(anonymous_8)
FN:147,buildBoPixel
FN:157,adUnitHasValidSizeFromBid
FN:176,buildRequest
FN:181,(anonymous_12)
FN:184,(anonymous_13)
FN:188,(anonymous_14)
FN:202,callBids
FNF:15
FNH:15
FNDA:13,OpenxAdapter
FNDA:3,(anonymous_2)
FNDA:72,(anonymous_3)
FNDA:8,getViewportDimensions
FNDA:3,makePDCall
FNDA:3,addBidResponse
FNDA:8,buildQueryStringFromParams
FNDA:111,(anonymous_8)
FNDA:1,buildBoPixel
FNDA:2,adUnitHasValidSizeFromBid
FNDA:8,buildRequest
FNDA:8,(anonymous_12)
FNDA:8,(anonymous_13)
FNDA:8,(anonymous_14)
FNDA:9,callBids
DA:3,8
DA:4,8
DA:5,8
DA:6,8
DA:7,8
DA:9,8
DA:10,13
DA:11,13
DA:12,13
DA:14,13
DA:16,13
DA:17,3
DA:18,3
DA:19,3
DA:22,3
DA:23,0
DA:26,3
DA:27,72
DA:29,3
DA:30,3
DA:31,3
DA:32,3
DA:34,3
DA:35,2
DA:36,2
DA:37,2
DA:38,2
DA:42,3
DA:50,3
DA:51,2
DA:52,2
DA:54,1
DA:56,1
DA:57,1
DA:58,1
DA:59,1
DA:60,1
DA:64,1
DA:65,8
DA:72,8
DA:73,8
DA:74,8
DA:75,8
DA:77,0
DA:79,8
DA:80,8
DA:82,8
DA:83,8
DA:85,0
DA:86,0
DA:87,0
DA:90,8
DA:93,1
DA:94,3
DA:95,3
DA:96,3
DA:97,3
DA:98,3
DA:100,3
DA:101,0
DA:104,3
DA:106,3
DA:107,0
DA:108,0
DA:110,3
DA:114,1
DA:115,3
DA:116,3
DA:118,3
DA:119,1
DA:120,1
DA:121,1
DA:122,1
DA:123,1
DA:124,0
DA:126,1
DA:127,1
DA:128,1
DA:131,3
DA:134,1
DA:135,8
DA:136,113
DA:137,113
DA:138,2
DA:142,8
DA:143,111
DA:147,1
DA:148,1
DA:149,1
DA:150,1
DA:152,1
DA:153,0
DA:157,1
DA:158,2
DA:159,2
DA:160,2
DA:161,2
DA:162,2
DA:164,2
DA:165,2
DA:166,2
DA:167,2
DA:168,2
DA:169,2
DA:173,2
DA:176,1
DA:177,8
DA:178,0
DA:181,8
DA:182,8
DA:184,8
DA:185,8
DA:188,8
DA:189,8
DA:190,1
DA:191,1
DA:196,8
DA:197,8
DA:199,8
DA:202,1
DA:203,9
DA:206,9
DA:207,9
DA:209,0
DA:211,9
DA:212,1
DA:215,8
DA:217,8
DA:219,8
DA:234,13
DA:239,8
LF:131
LH:119
BRDA:18,1,0,3
BRDA:18,1,1,0
BRDA:18,2,0,3
BRDA:18,2,1,3
BRDA:22,3,0,0
BRDA:22,3,1,3
BRDA:36,4,0,2
BRDA:36,4,1,0
BRDA:36,5,0,2
BRDA:36,5,1,2
BRDA:36,5,2,2
BRDA:45,6,0,3
BRDA:45,6,1,0
BRDA:50,7,0,2
BRDA:50,7,1,1
BRDA:50,8,0,3
BRDA:50,8,1,2
BRDA:56,9,0,0
BRDA:56,9,1,1
BRDA:72,10,0,8
BRDA:72,10,1,0
BRDA:82,11,0,8
BRDA:82,11,1,0
BRDA:82,11,2,0
BRDA:83,12,0,8
BRDA:83,12,1,0
BRDA:83,12,2,0
BRDA:86,13,0,0
BRDA:86,13,1,0
BRDA:87,14,0,0
BRDA:87,14,1,0
BRDA:100,15,0,0
BRDA:100,15,1,3
BRDA:106,16,0,0
BRDA:106,16,1,3
BRDA:115,17,0,1
BRDA:115,17,1,2
BRDA:118,18,0,1
BRDA:118,18,1,2
BRDA:123,19,0,0
BRDA:123,19,1,1
BRDA:126,20,0,1
BRDA:126,20,1,0
BRDA:136,21,0,113
BRDA:136,21,1,0
BRDA:137,22,0,2
BRDA:137,22,1,111
BRDA:152,23,0,0
BRDA:152,23,1,1
BRDA:159,24,0,2
BRDA:159,24,1,2
BRDA:159,24,2,0
BRDA:161,25,0,2
BRDA:161,25,1,2
BRDA:164,26,0,2
BRDA:164,26,1,0
BRDA:167,27,0,2
BRDA:167,27,1,0
BRDA:177,28,0,0
BRDA:177,28,1,8
BRDA:190,29,0,1
BRDA:190,29,1,0
BRDA:204,30,0,9
BRDA:204,30,1,1
BRDA:205,31,0,9
BRDA:205,31,1,9
BRDA:211,32,0,1
BRDA:211,32,1,8
BRDA:222,33,0,8
BRDA:222,33,1,8
BRF:70
BRH:45
end_of_record
TN:
SF:/Volumes/Data/Projects/VCCorp/Prebid.js/src/adapters/piximedia.js
FN:10,PiximediaAdapter
FN:15,tryAppendPixiQueryString
FN:19,callBidsPiximedia
FN:20,(anonymous_4)
FN:96,(anonymous_5)
FNF:5
FNH:5
FNDA:18,PiximediaAdapter
FNDA:65,tryAppendPixiQueryString
FNDA:11,callBidsPiximedia
FNDA:11,(anonymous_4)
FNDA:5,(anonymous_5)
DA:3,8
DA:4,8
DA:5,8
DA:6,8
DA:7,8
DA:8,8
DA:10,8
DA:11,18
DA:12,18
DA:13,18
DA:15,18
DA:16,65
DA:19,18
DA:20,11
DA:23,11
DA:25,10
DA:26,10
DA:28,10
DA:31,10
DA:34,10
DA:36,33
DA:37,33
DA:38,33
DA:40,10
DA:41,10
DA:44,10
DA:45,10
DA:48,1
DA:49,1
DA:53,8
DA:56,4
DA:57,2
DA:59,2
DA:61,4
DA:66,10
DA:67,10
DA:68,10
DA:69,10
DA:71,10
DA:76,10
DA:77,10
DA:96,18
DA:97,5
DA:98,4
DA:99,4
DA:101,4
DA:102,3
DA:103,3
DA:104,3
DA:106,3
DA:109,2
DA:110,2
DA:111,2
DA:112,2
DA:113,2
DA:114,2
DA:115,2
DA:117,2
DA:118,1
DA:120,1
DA:123,2
DA:125,2
DA:126,2
DA:130,1
DA:131,1
DA:132,1
DA:134,1
DA:135,1
DA:139,3
DA:141,1
DA:147,18
DA:154,8
LF:72
LH:72
BRDA:23,1,0,10
BRDA:23,1,1,1
BRDA:23,2,0,11
BRDA:23,2,1,11
BRDA:23,2,2,11
BRDA:23,2,3,11
BRDA:23,2,4,10
BRDA:25,3,0,1
BRDA:25,3,1,9
BRDA:31,4,0,10
BRDA:31,4,1,3
BRDA:36,5,0,33
BRDA:36,5,1,0
BRDA:38,6,0,10
BRDA:38,6,1,10
BRDA:38,6,2,1
BRDA:38,6,3,1
BRDA:38,6,4,8
BRDA:38,6,5,4
BRDA:56,7,0,2
BRDA:56,7,1,2
BRDA:57,8,0,2
BRDA:57,8,1,1
BRDA:59,9,0,2
BRDA:59,9,1,1
BRDA:97,10,0,4
BRDA:97,10,1,1
BRDA:97,11,0,5
BRDA:97,11,1,4
BRDA:101,12,0,3
BRDA:101,12,1,1
BRDA:106,13,0,2
BRDA:106,13,1,1
BRDA:106,14,0,3
BRDA:106,14,1,2
BRDA:106,14,2,2
BRDA:106,14,3,2
BRDA:106,14,4,2
BRDA:106,14,5,2
BRDA:117,15,0,1
BRDA:117,15,1,1
BRF:41
BRH:41
end_of_record
TN:
SF:/Volumes/Data/Projects/VCCorp/Prebid.js/src/adapters/pulsepoint.js
FN:8,PulsePointAdapter
FN:13,_callBids
FN:15,(anonymous_3)
FN:23,bid
FN:31,requestBid
FN:42,bidRequestOptions
FN:59,bidResponseCallback
FN:60,(anonymous_8)
FN:65,bidResponseAvailable
FNF:9
FNH:9
FNDA:8,PulsePointAdapter
FNDA:12,_callBids
FNDA:1,(anonymous_3)
FNDA:11,bid
FNDA:16,requestBid
FNDA:16,bidRequestOptions
FNDA:16,bidResponseCallback
FNDA:8,(anonymous_8)
FNDA:16,bidResponseAvailable
DA:3,8
DA:4,8
DA:5,8
DA:6,8
DA:8,8
DA:10,8
DA:11,8
DA:13,1
DA:14,12
DA:15,2
DA:16,1
DA:19,10
DA:23,1
DA:24,11
DA:25,11
DA:26,16
DA:27,16
DA:31,1
DA:32,16
DA:33,16
DA:34,8
DA:37,8
DA:38,8
DA:42,1
DA:43,16
DA:44,16
DA:51,8
DA:52,32
DA:53,32
DA:56,8
DA:59,1
DA:60,16
DA:61,8
DA:65,1
DA:66,16
DA:67,1
DA:68,1
DA:69,1
DA:70,1
DA:71,1
DA:72,1
DA:73,1
DA:74,1
DA:76,15
DA:77,15
DA:78,15
DA:82,8
DA:87,8
LF:48
LH:48
BRDA:14,1,0,2
BRDA:14,1,1,10
BRDA:52,2,0,32
BRDA:52,2,1,0
BRDA:66,3,0,1
BRDA:66,3,1,15
BRF:6
BRH:5
end_of_record
TN:
SF:/Volumes/Data/Projects/VCCorp/Prebid.js/src/adapters/rhythmone.js
FN:3,(anonymous_1)
FN:3,(anonymous_2)
FN:12,track
FN:21,(anonymous_4)
FN:39,applyMacros
FN:40,(anonymous_6)
FN:47,load
FN:49,(anonymous_8)
FN:53,(anonymous_9)
FN:62,setIfPresent
FN:68,logToConsole
FN:72,sniffAuctionEnd
FN:74,(anonymous_13)
FN:83,(anonymous_14)
FN:91,(anonymous_15)
FN:99,getBidParameters
FN:105,noBids
FN:117,getRMPURL
FN:137,p
FN:183,getORTBJSON
FN:197,(anonymous_21)
FN:206,(anonymous_22)
FN:211,(anonymous_23)
FN:217,(anonymous_24)
FN:220,(anonymous_25)
FN:250,(anonymous_26)
FN:279,(anonymous_27)
FN:290,registerBid
FNF:28
FNH:25
FNDA:1,(anonymous_1)
FNDA:0,(anonymous_2)
FNDA:7,track
FNDA:8,(anonymous_4)
FNDA:1,applyMacros
FNDA:0,(anonymous_6)
FNDA:1,load
FNDA:1,(anonymous_8)
FNDA:0,(anonymous_9)
FNDA:5,setIfPresent
FNDA:3,logToConsole
FNDA:1,sniffAuctionEnd
FNDA:1,(anonymous_13)
FNDA:1,(anonymous_14)
FNDA:1,(anonymous_15)
FNDA:1,getBidParameters
FNDA:1,noBids
FNDA:1,getRMPURL
FNDA:11,p
FNDA:1,getORTBJSON
FNDA:1,(anonymous_21)
FNDA:1,(anonymous_22)
FNDA:1,(anonymous_23)
FNDA:1,(anonymous_24)
FNDA:1,(anonymous_25)
FNDA:1,(anonymous_26)
FNDA:1,(anonymous_27)
FNDA:1,registerBid
DA:3,8
DA:5,8
DA:7,8
DA:12,1
DA:13,7
DA:14,0
DA:18,8
DA:19,8
DA:21,8
DA:23,8
DA:33,8
DA:35,8
DA:37,8
DA:39,1
DA:40,1
DA:41,0
DA:42,0
DA:43,0
DA:47,1
DA:48,1
DA:49,1
DA:50,1
DA:53,0
DA:54,0
DA:59,8
DA:62,1
DA:63,5
DA:64,5
DA:68,1
DA:69,3
DA:72,1
DA:74,1
DA:76,1
DA:77,1
DA:78,1
DA:81,1
DA:82,1
DA:83,1
DA:84,1
DA:85,1
DA:91,1
DA:93,1
DA:95,1
DA:99,1
DA:100,1
DA:101,1
DA:102,0
DA:105,1
DA:106,1
DA:107,1
DA:108,0
DA:109,0
DA:110,0
DA:111,0
DA:112,0
DA:117,1
DA:118,1
DA:121,1
DA:123,1
DA:125,1
DA:127,1
DA:129,1
DA:131,1
DA:137,1
DA:138,11
DA:141,1
DA:143,1
DA:144,1
DA:145,1
DA:146,1
DA:147,1
DA:148,1
DA:149,1
DA:151,1
DA:156,1
DA:158,1
DA:159,1
DA:162,1
DA:163,1
DA:164,1
DA:166,1
DA:167,1
DA:168,1
DA:169,1
DA:172,1
DA:173,1
DA:174,1
DA:175,1
DA:178,1
DA:180,1
DA:183,1
DA:184,1
DA:197,1
DA:198,1
DA:199,1
DA:200,1
DA:202,1
DA:204,1
DA:206,1
DA:207,1
DA:208,1
DA:209,0
DA:211,1
DA:212,1
DA:215,1
DA:217,1
DA:218,1
DA:220,1
DA:221,1
DA:224,1
DA:225,1
DA:226,1
DA:227,1
DA:229,1
DA:231,1
DA:232,1
DA:247,1
DA:250,8
DA:252,1
DA:255,1
DA:257,1
DA:258,1
DA:260,1
DA:262,1
DA:263,0
DA:264,0
DA:265,0
DA:269,1
DA:271,1
DA:273,1
DA:275,1
DA:277,1
DA:279,1
DA:281,1
DA:283,1
DA:285,1
DA:287,1
DA:288,1
DA:289,1
DA:292,1
DA:294,1
DA:297,1
DA:299,1
DA:300,1
DA:301,1
DA:302,1
DA:303,1
DA:305,1
DA:307,1
DA:308,1
DA:311,1
DA:313,1
DA:314,1
DA:315,1
DA:319,0
DA:324,1
DA:327,1
DA:330,1
LF:158
LH:141
BRDA:3,1,0,8
BRDA:3,1,1,0
BRDA:3,2,0,8
BRDA:3,2,1,8
BRDA:3,3,0,0
BRDA:3,3,1,0
BRDA:3,4,0,0
BRDA:3,4,1,0
BRDA:3,4,2,0
BRDA:3,4,3,0
BRDA:13,5,0,0
BRDA:13,5,1,7
BRDA:14,6,0,0
BRDA:14,6,1,0
BRDA:18,7,0,8
BRDA:18,7,1,0
BRDA:33,8,0,7
BRDA:33,8,1,1
BRDA:35,9,0,7
BRDA:35,9,1,1
BRDA:37,10,0,7
BRDA:37,10,1,1
BRDA:42,11,0,0
BRDA:42,11,1,0
BRDA:48,12,0,1
BRDA:48,12,1,0
BRDA:50,13,0,1
BRDA:50,13,1,0
BRDA:54,14,0,0
BRDA:54,14,1,0
BRDA:64,15,0,5
BRDA:64,15,1,0
BRDA:69,16,0,0
BRDA:69,16,1,3
BRDA:76,17,0,1
BRDA:76,17,1,0
BRDA:81,18,0,1
BRDA:81,18,1,0
BRDA:85,19,0,0
BRDA:85,19,1,1
BRDA:95,20,0,0
BRDA:95,20,1,1
[...]
BRDA:106,13,0,0
BRDA:106,13,1,0
BRDA:106,13,2,0
BRDA:133,14,0,0
BRDA:133,14,1,0
BRF:29
BRH:0
end_of_record
TN:
SF:/Volumes/Data/Projects/VCCorp/Prebid.js/src/adapters/sharethrough.js
FN:10,SharethroughAdapter
FN:17,_callBids
FN:31,_buildSharethroughCall
FN:51,(anonymous_4)
FN:59,_receiveMessage
FN:69,(anonymous_6)
FN:93,_handleInvalidBid
FN:98,appendEnvFields
FNF:8
FNH:6
FNDA:18,SharethroughAdapter
FNDA:1,_callBids
FNDA:2,_buildSharethroughCall
FNDA:2,(anonymous_4)
FNDA:0,_receiveMessage
FNDA:18,(anonymous_6)
FNDA:0,_handleInvalidBid
FNDA:2,appendEnvFields
DA:3,8
DA:4,8
DA:5,8
DA:7,8
DA:8,8
DA:10,8
DA:12,18
DA:13,18
DA:14,18
DA:15,18
DA:17,1
DA:18,1
DA:20,1
DA:23,1
DA:24,2
DA:25,2
DA:26,2
DA:27,2
DA:31,1
DA:32,2
DA:33,2
DA:35,2
DA:37,2
DA:38,2
DA:40,2
DA:41,2
DA:42,2
DA:43,2
DA:45,0
DA:48,2
DA:51,18
DA:52,2
DA:53,2
DA:54,2
DA:56,2
DA:59,1
DA:60,0
DA:61,0
DA:62,0
DA:64,0
DA:69,18
DA:70,18
DA:71,18
DA:72,18
DA:73,18
DA:74,18
DA:75,18
DA:76,18
DA:77,18
DA:78,18
DA:79,18
DA:80,18
DA:82,18
DA:84,18
DA:85,18
DA:86,18
DA:87,18
DA:89,0
DA:93,1
DA:94,0
DA:95,0
DA:98,1
DA:99,2
DA:100,2
DA:101,2
DA:103,2
DA:106,18
DA:112,8
LF:68
LH:60
BRDA:40,1,0,2
BRDA:40,1,1,0
BRDA:60,2,0,0
BRDA:60,2,1,0
BRF:4
BRH:1
end_of_record
TN:
SF:/Volumes/Data/Projects/VCCorp/Prebid.js/src/adapters/vertoz.js
FN:9,VertozAdapter
FN:15,_callBids
FN:44,(anonymous_3)
FNF:3
FNH:3
FNDA:15,VertozAdapter
FNDA:1,_callBids
FNDA:7,(anonymous_3)
DA:3,8
DA:4,8
DA:5,8
DA:6,8
DA:7,8
DA:9,8
DA:11,15
DA:12,15
DA:13,15
DA:15,1
DA:16,1
DA:18,1
DA:19,3
DA:20,3
DA:21,3
DA:22,3
DA:23,3
DA:24,3
DA:26,3
DA:27,1
DA:28,1
DA:31,2
DA:32,2
DA:38,2
DA:39,2
DA:40,2
DA:44,15
DA:45,7
DA:46,7
DA:47,7
DA:49,7
DA:50,4
DA:51,4
DA:52,4
DA:53,4
DA:54,4
DA:56,3
DA:57,3
DA:58,3
DA:61,7
DA:62,7
DA:63,7
DA:65,15
DA:68,8
LF:44
LH:44
BRDA:16,1,0,1
BRDA:16,1,1,0
BRDA:23,2,0,3
BRDA:23,2,1,0
BRDA:26,3,0,1
BRDA:26,3,1,2
BRDA:49,4,0,4
BRDA:49,4,1,3
BRF:8
BRH:6
end_of_record
TN:
SF:/Volumes/Data/Projects/VCCorp/Prebid.js/src/adapters/widespace.js
FN:10,WidespaceAdapter
FN:15,_callBids
FN:28,(anonymous_3)
FN:48,handleCallback
FN:87,verifySize
FNF:5
FNH:5
FNDA:18,WidespaceAdapter
FNDA:9,_callBids
FNDA:16,(anonymous_3)
FNDA:6,handleCallback
FNDA:5,verifySize
DA:3,8
DA:5,8
DA:6,8
DA:7,8
DA:8,8
DA:10,1
DA:11,18
DA:15,1
DA:16,9
DA:18,9
DA:19,8
DA:25,8
DA:26,8
DA:28,8
DA:29,16
DA:32,8
DA:33,8
DA:34,8
DA:35,8
DA:36,8
DA:37,8
DA:38,8
DA:41,8
DA:43,8
DA:48,18
DA:49,6
DA:50,0
DA:53,6
DA:56,6
DA:57,6
DA:61,6
DA:63,6
DA:65,6
DA:66,6
DA:67,6
DA:68,6
DA:70,6
DA:71,5
DA:72,5
DA:73,5
DA:74,5
DA:75,5
DA:76,5
DA:77,5
DA:78,5
DA:79,5
DA:81,1
DA:82,1
DA:83,1
DA:87,1
DA:88,5
DA:89,5
DA:90,5
DA:93,0
DA:97,18
DA:102,8
LF:56
LH:54
BRDA:12,1,0,0
BRDA:12,1,1,18
BRDA:16,2,0,9
BRDA:16,2,1,9
BRDA:16,2,2,1
BRDA:29,3,0,8
BRDA:29,3,1,8
BRDA:49,4,0,0
BRDA:49,4,1,6
BRDA:65,5,0,6
BRDA:65,5,1,0
BRDA:70,6,0,5
BRDA:70,6,1,1
BRDA:70,7,0,6
BRDA:70,7,1,6
BRDA:70,7,2,6
BRDA:70,7,3,5
BRDA:89,8,0,5
BRDA:89,8,1,0
BRDA:89,9,0,5
BRDA:89,9,1,5
BRF:21
BRH:17
end_of_record
TN:
SF:/Volumes/Data/Projects/VCCorp/Prebid.js/src/prebid.js
FN:3,(anonymous_1)
FN:5,(anonymous_2)
FN:5,(anonymous_3)
FN:21,_defineProperty
FN:90,(anonymous_5)
FN:102,processQue
FN:115,checkDefinedPlacement
FN:116,(anonymous_8)
FN:117,(anonymous_9)
FN:134,clearPlacements
FN:138,(anonymous_11)
FN:143,setRenderSize
FN:162,(anonymous_13)
FN:179,(anonymous_14)
FN:189,(anonymous_15)
FN:191,(anonymous_16)
FN:192,(anonymous_17)
FN:194,(anonymous_18)
FN:197,(anonymous_19)
FN:210,(anonymous_20)
FN:217,(anonymous_21)
FN:219,(anonymous_22)
FN:220,(anonymous_23)
FN:223,(anonymous_24)
FN:225,(anonymous_25)
FN:227,(anonymous_26)
FN:239,(anonymous_27)
FN:240,(anonymous_28)
FN:252,(anonymous_29)
FN:269,(anonymous_30)
FN:287,(anonymous_31)
FN:298,(anonymous_32)
FN:304,(anonymous_33)
FN:347,(anonymous_34)
FN:358,(anonymous_35)
FN:373,(anonymous_36)
FN:387,(anonymous_37)
FN:392,(anonymous_38)
FN:399,(anonymous_39)
FN:409,(anonymous_40)
FN:452,(anonymous_41)
FN:477,(anonymous_42)
FN:497,(anonymous_43)
FN:513,(anonymous_44)
FN:532,(anonymous_45)
FN:543,(anonymous_46)
FN:556,(anonymous_47)
FN:565,(anonymous_48)
FN:568,(anonymous_49)
FN:570,(anonymous_50)
FN:575,(anonymous_51)
FN:585,(anonymous_52)
FN:595,(anonymous_53)
FN:606,(anonymous_54)
FN:615,(anonymous_55)
FN:624,(anonymous_56)
FN:646,(anonymous_57)
FN:665,(anonymous_58)
FN:669,(anonymous_59)
FN:678,(anonymous_60)
FN:708,(anonymous_61)
FN:720,(anonymous_62)
FN:724,(anonymous_63)
FNF:63
FNH:59
FNDA:0,(anonymous_1)
FNDA:18,(anonymous_2)
FNDA:0,(anonymous_3)
FNDA:315,_defineProperty
FNDA:4,(anonymous_5)
FNDA:4,processQue
FNDA:2,checkDefinedPlacement
FNDA:16,(anonymous_8)
FNDA:18,(anonymous_9)
FNDA:14,clearPlacements
FNDA:105,(anonymous_11)
FNDA:2,setRenderSize
FNDA:2,(anonymous_13)
FNDA:2,(anonymous_14)
FNDA:12,(anonymous_15)
FNDA:75,(anonymous_16)
FNDA:237,(anonymous_17)
FNDA:237,(anonymous_18)
FNDA:75,(anonymous_19)
FNDA:4,(anonymous_20)
FNDA:23,(anonymous_21)
FNDA:5,(anonymous_22)
FNDA:39,(anonymous_23)
FNDA:5,(anonymous_24)
FNDA:3,(anonymous_25)
FNDA:3,(anonymous_26)
FNDA:2,(anonymous_27)
FNDA:28,(anonymous_28)
FNDA:7,(anonymous_29)
FNDA:1,(anonymous_30)
FNDA:1,(anonymous_31)
FNDA:10,(anonymous_32)
FNDA:81,(anonymous_33)
FNDA:3,(anonymous_34)
FNDA:55,(anonymous_35)
FNDA:15,(anonymous_36)
FNDA:5,(anonymous_37)
FNDA:18,(anonymous_38)
FNDA:1,(anonymous_39)
FNDA:1,(anonymous_40)
FNDA:2,(anonymous_41)
FNDA:4,(anonymous_42)
FNDA:2,(anonymous_43)
FNDA:2,(anonymous_44)
FNDA:1,(anonymous_45)
FNDA:2,(anonymous_46)
FNDA:0,(anonymous_47)
FNDA:1,(anonymous_48)
FNDA:1,(anonymous_49)
FNDA:2,(anonymous_50)
FNDA:2,(anonymous_51)
FNDA:3,(anonymous_52)
FNDA:2,(anonymous_53)
FNDA:1,(anonymous_54)
FNDA:0,(anonymous_55)
FNDA:3,(anonymous_56)
FNDA:4,(anonymous_57)
FNDA:5,(anonymous_58)
FNDA:1,(anonymous_59)
FNDA:3,(anonymous_60)
FNDA:1,(anonymous_61)
FNDA:4,(anonymous_62)
FNDA:4,(anonymous_63)
DA:3,4
DA:5,18
DA:7,4
DA:9,4
DA:11,4
DA:13,4
DA:15,4
DA:17,4
DA:19,4
DA:21,315
DA:23,4
DA:24,4
DA:25,4
DA:26,4
DA:27,4
DA:28,4
DA:29,4
DA:30,4
DA:31,4
DA:32,4
DA:36,4
DA:37,4
DA:38,4
DA:39,4
DA:40,4
DA:42,4
DA:43,4
DA:45,4
DA:51,4
DA:52,4
DA:54,4
DA:55,4
DA:56,4
DA:57,4
DA:59,4
DA:62,4
DA:65,4
DA:68,4
DA:70,4
DA:73,4
DA:76,4
DA:79,4
DA:80,4
DA:83,4
DA:90,4
DA:91,4
DA:92,4
DA:93,4
DA:95,0
DA:98,0
DA:102,1
DA:103,4
DA:104,0
DA:105,0
DA:106,0
DA:107,0
DA:109,0
DA:115,1
DA:116,2
DA:117,16
DA:118,18
DA:122,2
DA:123,2
DA:124,2
DA:127,0
DA:134,1
DA:135,14
DA:138,14
DA:139,105
DA:143,1
DA:144,2
DA:145,2
DA:146,2
DA:162,4
DA:163,2
DA:166,2
DA:167,1
DA:168,1
DA:170,1
DA:179,4
DA:180,2
DA:189,4
DA:190,12
DA:191,12
DA:192,75
DA:193,237
DA:195,237
DA:198,75
DA:199,75
DA:200,75
DA:210,4
DA:211,4
DA:212,4
DA:215,4
DA:217,4
DA:218,23
DA:220,5
DA:221,39
DA:224,5
DA:226,3
DA:228,3
DA:239,4
DA:240,2
DA:241,28
DA:243,2
DA:252,4
DA:253,7
DA:254,7
DA:255,1
DA:256,1
DA:260,6
DA:263,6
DA:266,6
DA:269,4
DA:270,1
DA:271,1
DA:272,0
DA:273,0
DA:276,1
DA:279,1
DA:287,4
DA:288,1
DA:289,1
DA:298,4
DA:299,10
DA:300,10
DA:301,10
DA:302,9
DA:304,9
DA:305,81
DA:307,9
DA:309,8
DA:311,8
DA:313,8
DA:314,8
DA:315,8
DA:316,8
DA:318,8
DA:319,1
DA:320,7
DA:321,2
DA:322,1
DA:323,1
DA:324,5
DA:325,1
DA:326,1
DA:327,1
DA:329,4
DA:332,1
DA:335,1
DA:338,1
DA:347,4
DA:348,3
DA:349,3
DA:350,3
DA:351,4
DA:352,2
DA:358,4
DA:359,55
DA:360,55
DA:361,55
DA:362,1
DA:373,4
DA:374,15
DA:379,15
DA:380,15
DA:381,15
DA:383,15
DA:385,15
DA:387,3
DA:388,5
DA:392,12
DA:393,18
DA:398,15
DA:399,15
DA:400,1
DA:401,1
DA:402,1
DA:403,1
DA:408,15
DA:409,1
DA:410,1
DA:412,1
DA:415,14
DA:418,14
DA:420,14
DA:421,14
DA:423,14
DA:424,4
DA:425,4
DA:426,1
DA:428,4
DA:429,4
DA:433,10
DA:434,10
DA:435,10
DA:436,10
DA:437,8
DA:440,10
DA:441,10
DA:442,0
DA:452,4
DA:453,2
DA:454,2
DA:456,1
DA:457,1
DA:458,1
DA:477,4
DA:478,4
DA:479,4
DA:480,1
DA:481,1
DA:484,3
DA:485,1
DA:486,1
DA:489,2
DA:497,4
DA:498,2
DA:499,2
DA:500,1
DA:503,1
DA:513,4
DA:514,2
DA:515,2
DA:516,2
DA:517,1
DA:518,1
DA:521,1
DA:522,1
DA:523,1
DA:532,4
DA:534,1
DA:543,4
DA:544,2
DA:545,2
DA:546,2
DA:548,1
DA:556,4
DA:557,0
DA:558,0
DA:559,0
DA:561,0
DA:565,4
DA:566,1
DA:568,1
DA:569,1
DA:571,2
DA:576,2
DA:585,4
DA:586,3
DA:587,3
DA:595,4
DA:596,2
DA:597,2
DA:606,4
DA:607,1
DA:608,1
DA:615,4
DA:616,0
DA:617,0
DA:618,0
DA:620,0
DA:624,4
DA:625,3
DA:626,3
DA:627,2
DA:629,1
DA:646,4
DA:647,4
DA:648,4
DA:649,1
DA:650,1
DA:652,3
DA:653,1
DA:654,2
DA:655,2
DA:656,1
DA:657,1
DA:659,1
DA:660,1
DA:661,1
DA:665,4
DA:666,5
DA:669,4
DA:670,1
DA:678,4
DA:679,3
DA:680,3
DA:683,3
DA:684,1
DA:687,2
DA:688,2
DA:689,1
DA:690,1
DA:691,1
DA:693,1
DA:694,1
DA:696,1
DA:697,1
DA:699,1
DA:708,4
DA:709,1
DA:710,1
DA:720,4
DA:721,4
DA:724,4
DA:725,4
DA:727,4
LF:308
LH:289
BRDA:3,1,0,4
BRDA:3,1,1,0
BRDA:3,2,0,0
BRDA:3,2,1,0
BRDA:5,3,0,4
BRDA:5,3,1,0
BRDA:5,4,0,4
BRDA:5,4,1,4
BRDA:5,5,0,0
BRDA:5,5,1,0
BRDA:5,6,0,0
BRDA:5,6,1,0
BRDA:5,6,2,0
BRDA:5,6,3,0
BRDA:21,7,0,0
BRDA:21,7,1,315
BRDA:59,8,0,4
BRDA:59,8,1,2
BRDA:62,9,0,4
BRDA:62,9,1,2
BRDA:65,10,0,4
BRDA:65,10,1,2
BRDA:70,11,0,4
BRDA:70,11,1,4
BRDA:73,12,0,4
BRDA:73,12,1,2
BRDA:83,13,0,4
BRDA:83,13,1,2
BRDA:91,14,0,4
BRDA:91,14,1,0
BRDA:91,15,0,0
BRDA:91,15,1,4
BRDA:104,16,0,0
BRDA:104,16,1,0
BRDA:122,17,0,2
BRDA:122,17,1,0
BRDA:144,18,0,2
BRDA:144,18,1,0
BRDA:144,19,0,2
BRDA:144,19,1,2
BRDA:166,20,0,1
BRDA:166,20,1,1
BRDA:215,21,0,4
BRDA:215,21,1,4
BRDA:215,21,2,3
BRDA:221,22,0,39
BRDA:221,22,1,20
BRDA:224,23,0,5
BRDA:224,23,1,5
BRDA:224,23,2,3
BRDA:254,24,0,1
BRDA:254,24,1,6
BRDA:271,25,0,0
BRDA:271,25,1,1
BRDA:301,26,0,9
BRDA:301,26,1,1
BRDA:301,27,0,10
BRDA:301,27,1,9
BRDA:307,28,0,8
BRDA:307,28,1,1
BRDA:318,29,0,1
BRDA:318,29,1,7
BRDA:318,30,0,8
BRDA:318,30,1,7
BRDA:320,31,0,2
BRDA:320,31,1,5
BRDA:324,32,0,1
BRDA:324,32,1,4
BRDA:349,33,0,3
BRDA:349,33,1,0
BRDA:351,34,0,2
BRDA:351,34,1,2
BRDA:361,35,0,1
BRDA:361,35,1,54
BRDA:380,36,0,15
BRDA:380,36,1,7
BRDA:381,37,0,15
BRDA:381,37,1,11
BRDA:385,38,0,3
BRDA:385,38,1,12
BRDA:385,39,0,15
BRDA:385,39,1,3
BRDA:392,40,0,12
BRDA:392,40,1,12
BRDA:402,41,0,1
BRDA:402,41,1,0
BRDA:408,42,0,1
BRDA:408,42,1,14
BRDA:423,43,0,4
BRDA:423,43,1,10
BRDA:423,44,0,14
BRDA:423,44,1,14
BRDA:425,45,0,1
BRDA:425,45,1,3
BRDA:425,46,0,3
BRDA:425,46,1,1
BRDA:436,47,0,8
BRDA:436,47,1,2
BRDA:436,48,0,2
BRDA:436,48,1,8
BRDA:441,49,0,0
BRDA:441,49,1,10
BRDA:454,50,0,1
BRDA:454,50,1,1
BRDA:457,51,0,1
BRDA:457,51,1,0
BRDA:457,52,0,0
BRDA:457,52,1,1
BRDA:479,53,0,1
BRDA:479,53,1,3
BRDA:484,54,0,1
BRDA:484,54,1,2
BRDA:484,55,0,3
BRDA:484,55,1,1
BRDA:499,56,0,1
BRDA:499,56,1,1
BRDA:499,57,0,2
BRDA:499,57,1,1
BRDA:516,58,0,1
BRDA:516,58,1,1
BRDA:516,59,0,2
BRDA:516,59,1,2
BRDA:516,59,2,2
BRDA:516,60,0,0
BRDA:516,60,1,2
BRDA:616,61,0,0
BRDA:616,61,1,0
BRDA:616,62,0,0
BRDA:616,62,1,0
BRDA:626,63,0,2
BRDA:626,63,1,1
BRDA:626,64,0,3
BRDA:626,64,1,2
BRDA:648,65,0,1
BRDA:648,65,1,3
BRDA:652,66,0,1
BRDA:652,66,1,2
BRDA:654,67,0,2
BRDA:654,67,1,0
BRDA:654,68,0,0
BRDA:654,68,1,2
BRDA:655,69,0,1
BRDA:655,69,1,1
BRDA:683,70,0,1
BRDA:683,70,1,2
BRDA:688,71,0,1
BRDA:688,71,1,1
BRDA:690,72,0,1
BRDA:690,72,1,0
BRDA:709,73,0,1
BRDA:709,73,1,0
BRF:151
BRH:119
end_of_record
TN:
SF:/Volumes/Data/Projects/VCCorp/Prebid.js/src/prebidGlobal.js
FN:12,getGlobal
FNF:1
FNH:1
FNDA:4,getGlobal
DA:3,4
DA:6,4
DA:9,4
DA:10,4
DA:12,1
DA:13,4
LF:6
LH:6
BRDA:9,1,0,4
BRDA:9,1,1,1
BRDA:10,2,0,4
BRDA:10,2,1,2
BRF:4
BRH:4
end_of_record
TN:
SF:/Volumes/Data/Projects/VCCorp/Prebid.js/src/video.js
FN:13,videoAdUnit
FN:16,nonVideoBidder
FN:19,hasNonVideoBidder
FNF:3
FNH:3
FNDA:21,videoAdUnit
FNDA:3,nonVideoBidder
FNDA:2,hasNonVideoBidder
DA:3,4
DA:6,4
DA:8,4
DA:13,4
DA:14,21
DA:16,4
DA:17,3
DA:19,4
DA:20,2
LF:9
LH:9
BRF:0
BRH:0
end_of_record
TN:
SF:/Volumes/Data/Projects/VCCorp/Prebid.js/src/secure-creatives.js
FN:14,_interopRequireDefault
FN:23,listenMessagesFromCreative
FN:27,receiveMessage
FN:37,(anonymous_4)
FN:48,sendAdToCreative
FN:69,resizeRemoteCreative
FN:74,(anonymous_7)
FNF:7
FNH:2
FNDA:4,_interopRequireDefault
FNDA:4,listenMessagesFromCreative
FNDA:0,receiveMessage
FNDA:0,(anonymous_4)
FNDA:0,sendAdToCreative
FNDA:0,resizeRemoteCreative
FNDA:0,(anonymous_7)
DA:3,4
DA:6,4
DA:8,4
DA:10,4
DA:12,4
DA:14,4
DA:21,4
DA:23,1
DA:24,4
DA:27,1
DA:28,0
DA:29,0
DA:30,0
DA:31,0
DA:33,0
DA:36,0
DA:37,0
DA:38,0
DA:41,0
DA:42,0
DA:43,0
DA:48,1
DA:49,0
DA:56,0
DA:57,0
DA:58,0
DA:69,1
DA:70,0
DA:74,0
DA:75,0
DA:78,0
DA:79,0
LF:32
LH:12
BRDA:14,1,0,0
BRDA:14,1,1,4
BRDA:14,2,0,4
BRDA:14,2,1,4
BRDA:28,3,0,0
BRDA:28,3,1,0
BRDA:36,4,0,0
BRDA:36,4,1,0
BRDA:41,5,0,0
BRDA:41,5,1,0
BRDA:56,6,0,0
BRDA:56,6,1,0
BRDA:75,7,0,0
BRDA:75,7,1,0
BRF:14
BRH:3
end_of_record
TN:
SF:/Volumes/Data/Projects/VCCorp/Prebid.js/src/adserver.js
FN:6,AdServer
FN:9,(anonymous_2)
FN:12,(anonymous_3)
FN:20,(anonymous_4)
FN:33,getCustomParams
FN:37,(anonymous_6)
FN:44,(anonymous_7)
FNF:7
FNH:7
FNDA:1,AdServer
FNDA:1,(anonymous_2)
FNDA:1,(anonymous_3)
FNDA:1,(anonymous_4)
FNDA:1,getCustomParams
FNDA:1,(anonymous_6)
FNDA:1,(anonymous_7)
DA:3,4
DA:6,4
DA:7,1
DA:8,1
DA:9,1
DA:10,1
DA:12,1
DA:13,1
DA:15,1
DA:20,4
DA:21,1
DA:22,1
DA:24,1
DA:31,1
DA:33,1
DA:34,1
DA:37,1
DA:38,1
DA:39,1
DA:40,1
DA:41,1
DA:44,1
DA:45,1
DA:46,4
DA:47,0
DA:50,1
DA:51,5
DA:52,1
DA:55,0
DA:58,1
LF:30
LH:28
BRDA:46,1,0,0
BRDA:46,1,1,4
BRDA:46,2,0,4
BRDA:46,2,1,4
BRDA:51,3,0,1
BRDA:51,3,1,4
BRF:6
BRH:5
end_of_record
TN:
SF:/Volumes/Data/Projects/VCCorp/Prebid.js/src/targeting.js
FN:5,_defineProperty
FN:14,(anonymous_2)
FN:16,(anonymous_3)
FN:17,(anonymous_4)
FN:19,(anonymous_5)
FN:29,(anonymous_6)
FN:37,(anonymous_7)
FN:38,(anonymous_8)
FN:39,(anonymous_9)
FN:49,(anonymous_10)
FN:50,(anonymous_11)
FN:51,(anonymous_12)
FN:53,(anonymous_13)
FN:54,(anonymous_14)
FN:55,(anonymous_15)
FN:58,(anonymous_16)
FN:66,(anonymous_17)
FN:70,(anonymous_18)
FN:72,(anonymous_19)
FN:74,(anonymous_20)
FN:76,(anonymous_21)
FN:77,(anonymous_22)
FN:88,(anonymous_23)
FN:90,(anonymous_24)
FN:91,(anonymous_25)
FN:104,getWinningBidTargeting
FN:108,(anonymous_27)
FN:109,(anonymous_28)
FN:111,(anonymous_29)
FN:119,getStandardKeys
FN:121,(anonymous_31)
FN:129,getAlwaysUseBidTargeting
FN:131,(anonymous_33)
FN:133,(anonymous_34)
FN:141,(anonymous_35)
FN:145,(anonymous_36)
FN:150,getBidLandscapeTargeting
FN:153,(anonymous_38)
FN:155,(anonymous_39)
FN:161,(anonymous_40)
FN:166,getTargetingMap
FN:167,(anonymous_42)
FN:172,(anonymous_43)
FNF:43
FNH:43
FNDA:450,_defineProperty
FNDA:6,(anonymous_2)
FNDA:17,(anonymous_3)
FNDA:595,(anonymous_4)
FNDA:1190,(anonymous_5)
FNDA:18,(anonymous_6)
FNDA:108,(anonymous_7)
FNDA:108,(anonymous_8)
FNDA:342,(anonymous_9)
FNDA:6,(anonymous_10)
FNDA:17,(anonymous_11)
FNDA:95,(anonymous_12)
FNDA:22,(anonymous_13)
FNDA:71,(anonymous_14)
FNDA:71,(anonymous_15)
FNDA:71,(anonymous_16)
FNDA:22,(anonymous_17)
FNDA:223,(anonymous_18)
FNDA:144,(anonymous_19)
FNDA:143,(anonymous_20)
FNDA:35,(anonymous_21)
FNDA:397,(anonymous_22)
FNDA:1,(anonymous_23)
FNDA:2,(anonymous_24)
FNDA:10,(anonymous_25)
FNDA:18,getWinningBidTargeting
FNDA:32,(anonymous_27)
FNDA:165,(anonymous_28)
FNDA:157,(anonymous_29)
FNDA:36,getStandardKeys
FNDA:178,(anonymous_31)
FNDA:18,getAlwaysUseBidTargeting
FNDA:126,(anonymous_33)
FNDA:193,(anonymous_34)
FNDA:193,(anonymous_35)
FNDA:126,(anonymous_36)
FNDA:5,getBidLandscapeTargeting
FNDA:38,(anonymous_38)
FNDA:190,(anonymous_39)
FNDA:38,(anonymous_40)
FNDA:38,getTargetingMap
FNDA:152,(anonymous_42)
FNDA:1,(anonymous_43)
DA:3,4
DA:5,450
DA:7,4
DA:8,4
DA:9,4
DA:11,4
DA:12,4
DA:14,4
DA:15,6
DA:16,6
DA:17,17
DA:19,595
DA:20,1190
DA:21,245
DA:29,4
DA:30,18
DA:34,18
DA:37,18
DA:38,108
DA:39,108
DA:40,342
DA:41,36
DA:46,18
DA:49,4
DA:50,6
DA:51,17
DA:52,95
DA:54,22
DA:55,71
DA:56,71
DA:57,71
DA:59,71
DA:66,4
DA:68,22
DA:70,22
DA:71,223
DA:73,144
DA:75,143
DA:77,35
DA:78,397
DA:88,4
DA:89,1
DA:90,1
DA:91,2
DA:92,10
DA:94,10
DA:95,10
DA:96,10
DA:97,10
DA:98,10
DA:104,1
DA:105,18
DA:106,18
DA:108,18
DA:109,32
DA:110,165
DA:112,157
DA:116,18
DA:119,1
DA:120,36
DA:122,178
DA:129,1
DA:130,18
DA:131,18
DA:132,126
DA:133,38
DA:136,193
DA:137,160
DA:140,33
DA:142,193
DA:146,126
DA:150,1
DA:151,5
DA:153,5
DA:154,38
DA:155,38
DA:156,190
DA:162,38
DA:166,1
DA:167,38
DA:168,152
DA:172,4
DA:173,1
DA:174,1
LF:84
LH:84
BRDA:5,1,0,0
BRDA:5,1,1,450
BRDA:15,2,0,6
BRDA:15,2,1,0
BRDA:20,3,0,245
BRDA:20,3,1,945
BRDA:20,4,0,1190
BRDA:20,4,1,945
BRDA:30,5,0,2
BRDA:30,5,1,16
BRDA:30,6,0,18
BRDA:30,6,1,2
BRDA:34,7,0,5
BRDA:34,7,1,13
BRDA:40,8,0,36
BRDA:40,8,1,306
BRDA:52,9,0,95
BRDA:52,9,1,73
BRDA:68,10,0,3
BRDA:68,10,1,19
BRDA:78,11,0,143
BRDA:78,11,1,254
BRDA:94,12,0,10
BRDA:94,12,1,0
BRDA:94,13,0,10
BRDA:94,13,1,0
BRDA:96,14,0,2
BRDA:96,14,1,8
BRDA:110,15,0,165
BRDA:110,15,1,12
BRDA:110,15,2,12
BRDA:132,16,0,38
BRDA:132,16,1,88
BRDA:136,17,0,160
BRDA:136,17,1,33
BRDA:154,18,0,38
BRDA:154,18,1,0
BRDA:173,19,0,1
BRDA:173,19,1,0
BRDA:173,20,0,1
BRDA:173,20,1,1
BRF:41
BRH:35
end_of_record
TN:
SF:/Volumes/Data/Projects/VCCorp/Prebid.js/src/adapters/analytics/AnalyticsAdapter.js
FN:16,_interopRequireDefault
FN:34,AnalyticsAdapter
FN:56,getAdapterType
FN:59,getGlobal
FN:62,getHandler
FN:65,getUrl
FN:70,_track
FN:83,_callEndpoint
FN:91,_enqueue
FN:100,(anonymous_10)
FN:107,_enable
FN:113,(anonymous_12)
FN:132,(anonymous_13)
FN:135,(anonymous_14)
FN:138,(anonymous_15)
FN:141,(anonymous_16)
FN:144,(anonymous_17)
FN:147,(anonymous_18)
FN:153,_enable
FN:158,_emptyQueue
FN:165,(anonymous_21)
FNF:21
FNH:12
FNDA:3,_interopRequireDefault
FNDA:9,AnalyticsAdapter
FNDA:72,getAdapterType
FNDA:0,getGlobal
FNDA:0,getHandler
FNDA:0,getUrl
FNDA:36,_track
FNDA:0,_callEndpoint
FNDA:35,_enqueue
FNDA:0,(anonymous_10)
FNDA:6,_enable
FNDA:16,(anonymous_12)
FNDA:3,(anonymous_13)
FNDA:4,(anonymous_14)
FNDA:11,(anonymous_15)
FNDA:2,(anonymous_16)
FNDA:0,(anonymous_17)
FNDA:0,(anonymous_18)
FNDA:0,_enable
FNDA:16,_emptyQueue
FNDA:0,(anonymous_21)
DA:3,3
DA:6,3
DA:8,3
DA:10,3
DA:12,3
DA:14,3
DA:16,3
DA:18,3
DA:19,3
DA:21,3
DA:22,3
DA:23,3
DA:24,3
DA:25,3
DA:26,3
DA:28,3
DA:29,3
DA:30,3
DA:32,3
DA:34,1
DA:35,9
DA:40,9
DA:41,9
DA:42,9
DA:44,9
DA:45,7
DA:48,9
DA:49,9
DA:52,9
DA:57,72
DA:60,0
DA:63,0
DA:66,0
DA:70,1
DA:71,36
DA:74,36
DA:75,36
DA:78,36
DA:79,0
DA:83,1
DA:84,0
DA:88,0
DA:91,1
DA:92,35
DA:95,35
DA:97,35
DA:98,35
DA:100,0
DA:101,0
DA:102,0
DA:107,1
DA:108,6
DA:110,6
DA:113,6
DA:114,16
DA:115,0
DA:118,16
DA:122,16
DA:123,1
DA:125,15
DA:132,6
DA:133,3
DA:135,6
DA:136,4
DA:138,6
DA:139,11
DA:141,6
DA:142,2
DA:144,6
DA:145,0
DA:147,6
DA:148,0
DA:149,0
DA:153,6
DA:154,0
DA:158,1
DA:159,16
DA:160,9
DA:161,0
DA:165,9
DA:166,0
DA:169,9
DA:172,16
LF:83
LH:67
BRDA:16,1,0,0
BRDA:16,1,1,3
BRDA:16,2,0,3
BRDA:16,2,1,3
BRDA:44,3,0,7
BRDA:44,3,1,2
BRDA:48,4,0,9
BRDA:48,4,1,0
BRDA:48,5,0,9
BRDA:48,5,1,8
BRDA:74,6,0,36
BRDA:74,6,1,0
BRDA:74,7,0,36
BRDA:74,7,1,0
BRDA:78,8,0,0
BRDA:78,8,1,36
BRDA:97,9,0,35
BRDA:97,9,1,0
BRDA:97,10,0,35
BRDA:97,10,1,35
BRDA:97,10,2,35
BRDA:97,10,3,35
BRDA:114,11,0,0
BRDA:114,11,1,16
BRDA:122,12,0,1
BRDA:122,12,1,15
BRDA:159,13,0,9
BRDA:159,13,1,7
BRF:28
BRH:21
end_of_record
TN:
SF:/Volumes/Data/Projects/VCCorp/Prebid.js/src/adapters/analytics/appnexus.js
FN:11,_interopRequireDefault
FNF:1
FNH:1
FNDA:1,_interopRequireDefault
DA:3,1
DA:7,1
DA:9,1
DA:11,1
DA:13,1
LF:5
LH:5
BRDA:11,1,0,1
BRDA:11,1,1,0
BRDA:11,2,0,1
BRDA:11,2,1,1
BRF:4
BRH:3
end_of_record
TN:
SF:/Volumes/Data/Projects/VCCorp/Prebid.js/src/adapters/analytics/sharethrough_analytics.js
FN:11,_interopRequireDefault
FN:27,track
FN:43,bidWon
FN:51,fireLoseBeacon
FN:61,appendEnvFields
FN:68,fireBeacon
FNF:6
FNH:5
FNDA:1,_interopRequireDefault
FNDA:1,track
FNDA:1,bidWon
FNDA:1,fireLoseBeacon
FNDA:1,appendEnvFields
FNDA:0,fireBeacon
DA:3,1
DA:7,1
DA:9,1
DA:11,1
DA:13,1
DA:15,1
DA:16,1
DA:17,1
DA:18,1
DA:20,1
DA:28,1
DA:31,1
DA:32,1
DA:33,1
DA:34,1
DA:35,1
DA:39,1
DA:40,0
DA:44,1
DA:46,1
DA:47,1
DA:48,1
DA:52,1
DA:53,1
DA:54,1
DA:55,1
DA:56,1
DA:57,1
DA:59,1
DA:62,1
DA:63,1
DA:64,1
DA:66,1
DA:69,0
DA:70,0
LF:35
LH:32
BRDA:11,1,0,1
BRDA:11,1,1,0
BRDA:11,2,0,1
BRDA:11,2,1,1
BRDA:31,3,0,1
BRDA:31,3,1,0
BRDA:31,4,0,1
BRDA:31,4,1,1
BRDA:39,5,0,0
BRDA:39,5,1,1
BRDA:46,6,0,1
BRDA:46,6,1,0
BRDA:46,7,0,1
BRDA:46,7,1,1
BRF:14
BRH:10
end_of_record
